
*** Running vivado
    with args -log Top.vds -m64 -product Vivado -mode batch -messageDb vivado.pb -notrace -source Top.tcl


****** Vivado v2019.2 (64-bit)
  **** SW Build 2708876 on Wed Nov  6 21:40:23 MST 2019
  **** IP Build 2700528 on Thu Nov  7 00:09:20 MST 2019
    ** Copyright 1986-2019 Xilinx, Inc. All Rights Reserved.

source Top.tcl -notrace
Command: synth_design -top Top -part xc7a35tcpg236-1
Starting synth_design
Attempting to get a license for feature 'Synthesis' and/or device 'xc7a35t'
INFO: [Common 17-349] Got license for feature 'Synthesis' and/or device 'xc7a35t'
INFO: [Device 21-403] Loading part xc7a35tcpg236-1
INFO: Launching helper process for spawning children vivado processes
INFO: Helper process launched with PID 19836 
WARNING: [Synth 8-2611] redeclaration of ansi port o_state_game is not allowed [C:/Users/Nai/Desktop/one-credit-undertales/AHam/AHam.srcs/sources_1/new/TimerState.v:31]
WARNING: [Synth 8-1083] o_state_game was previously declared without a range [C:/Users/Nai/Desktop/one-credit-undertales/AHam/AHam.srcs/sources_1/new/TimerState.v:31]
WARNING: [Synth 8-976] o_state_game has already been declared [C:/Users/Nai/Desktop/one-credit-undertales/AHam/AHam.srcs/sources_1/new/TimerState.v:31]
WARNING: [Synth 8-2654] second declaration of o_state_game ignored [C:/Users/Nai/Desktop/one-credit-undertales/AHam/AHam.srcs/sources_1/new/TimerState.v:31]
INFO: [Synth 8-994] o_state_game is declared here [C:/Users/Nai/Desktop/one-credit-undertales/AHam/AHam.srcs/sources_1/new/TimerState.v:26]
---------------------------------------------------------------------------------
Starting RTL Elaboration : Time (s): cpu = 00:00:04 ; elapsed = 00:00:06 . Memory (MB): peak = 859.609 ; gain = 238.586
---------------------------------------------------------------------------------
INFO: [Synth 8-6157] synthesizing module 'Top' [C:/Users/Nai/Desktop/one-credit-undertales/AHam/AHam.srcs/sources_1/new/Top.v:3]
INFO: [Synth 8-3876] $readmem data file 'pal24bit.mem' is read successfully [C:/Users/Nai/Desktop/one-credit-undertales/AHam/AHam.srcs/sources_1/new/Top.v:133]
INFO: [Synth 8-3876] $readmem data file 'SanPal.mem' is read successfully [C:/Users/Nai/Desktop/one-credit-undertales/AHam/AHam.srcs/sources_1/new/Top.v:139]
INFO: [Synth 8-3876] $readmem data file 'Titlepal.mem' is read successfully [C:/Users/Nai/Desktop/one-credit-undertales/AHam/AHam.srcs/sources_1/new/Top.v:144]
CRITICAL WARNING: [Synth 8-4445] could not open $readmem data file 'MemberPal.mem'; please make sure the file is added to project and has read permission, ignoring [C:/Users/Nai/Desktop/one-credit-undertales/AHam/AHam.srcs/sources_1/new/Top.v:149]
INFO: [Synth 8-3876] $readmem data file 'ColorbarPal.mem' is read successfully [C:/Users/Nai/Desktop/one-credit-undertales/AHam/AHam.srcs/sources_1/new/Top.v:154]
INFO: [Synth 8-3876] $readmem data file 'GameoverPal.mem' is read successfully [C:/Users/Nai/Desktop/one-credit-undertales/AHam/AHam.srcs/sources_1/new/Top.v:159]
INFO: [Synth 8-3876] $readmem data file 'WinPal.mem' is read successfully [C:/Users/Nai/Desktop/one-credit-undertales/AHam/AHam.srcs/sources_1/new/Top.v:164]
INFO: [Synth 8-6157] synthesizing module 'keyboard' [C:/Users/Nai/Desktop/one-credit-undertales/AHam/AHam.srcs/sources_1/new/keyboard.v:22]
INFO: [Synth 8-6157] synthesizing module 'PS2Receiver' [C:/Users/Nai/Desktop/one-credit-undertales/AHam/AHam.srcs/sources_1/new/PS2Receiver.v:22]
INFO: [Synth 8-6157] synthesizing module 'debouncer' [C:/Users/Nai/Desktop/one-credit-undertales/AHam/AHam.srcs/sources_1/new/debouncer.v:23]
	Parameter COUNT_MAX bound to: 19 - type: integer 
	Parameter COUNT_WIDTH bound to: 5 - type: integer 
INFO: [Synth 8-6155] done synthesizing module 'debouncer' (1#1) [C:/Users/Nai/Desktop/one-credit-undertales/AHam/AHam.srcs/sources_1/new/debouncer.v:23]
INFO: [Synth 8-155] case statement is not full and has no default [C:/Users/Nai/Desktop/one-credit-undertales/AHam/AHam.srcs/sources_1/new/PS2Receiver.v:55]
INFO: [Synth 8-6155] done synthesizing module 'PS2Receiver' (2#1) [C:/Users/Nai/Desktop/one-credit-undertales/AHam/AHam.srcs/sources_1/new/PS2Receiver.v:22]
WARNING: [Synth 8-567] referenced signal 'keycodev' should be on the sensitivity list [C:/Users/Nai/Desktop/one-credit-undertales/AHam/AHam.srcs/sources_1/new/keyboard.v:59]
WARNING: [Synth 8-6014] Unused sequential element start_reg was removed.  [C:/Users/Nai/Desktop/one-credit-undertales/AHam/AHam.srcs/sources_1/new/keyboard.v:73]
INFO: [Synth 8-6155] done synthesizing module 'keyboard' (3#1) [C:/Users/Nai/Desktop/one-credit-undertales/AHam/AHam.srcs/sources_1/new/keyboard.v:22]
INFO: [Synth 8-6157] synthesizing module 'vga640x480' [C:/Users/Nai/Desktop/one-credit-undertales/AHam/AHam.srcs/sources_1/new/vga640x480.v:9]
	Parameter HACTIVE bound to: 640 - type: integer 
	Parameter HBACKPORCH bound to: 48 - type: integer 
	Parameter HFRONTPORCH bound to: 16 - type: integer 
	Parameter HSYNC bound to: 96 - type: integer 
	Parameter HSYNCSTART bound to: 656 - type: integer 
	Parameter HSYNCEND bound to: 751 - type: integer 
	Parameter LINEEND bound to: 799 - type: integer 
	Parameter VACTIVE bound to: 480 - type: integer 
	Parameter VBACKPORCH bound to: 33 - type: integer 
	Parameter VFRONTPORCH bound to: 10 - type: integer 
	Parameter VSYNC bound to: 2 - type: integer 
	Parameter VSYNCSTART bound to: 513 - type: integer 
	Parameter VSYNCEND bound to: 514 - type: integer 
	Parameter SCREENEND bound to: 524 - type: integer 
INFO: [Synth 8-6155] done synthesizing module 'vga640x480' (4#1) [C:/Users/Nai/Desktop/one-credit-undertales/AHam/AHam.srcs/sources_1/new/vga640x480.v:9]
INFO: [Synth 8-6157] synthesizing module 'CursorSprite' [C:/Users/Nai/Desktop/one-credit-undertales/AHam/AHam.srcs/sources_1/new/CursorSprite.v:23]
	Parameter C1Width bound to: 15 - type: integer 
	Parameter C1Height bound to: 15 - type: integer 
	Parameter C2Width bound to: 15 - type: integer 
	Parameter C2Height bound to: 15 - type: integer 
	Parameter C3Width bound to: 15 - type: integer 
	Parameter C3Height bound to: 15 - type: integer 
	Parameter C4Width bound to: 15 - type: integer 
	Parameter C4Height bound to: 15 - type: integer 
INFO: [Synth 8-6157] synthesizing module 'CursorRom' [C:/Users/Nai/Desktop/one-credit-undertales/AHam/AHam.srcs/sources_1/new/CursorRom.v:22]
INFO: [Synth 8-5534] Detected attribute (* ROM_STYLE = "block" *) [C:/Users/Nai/Desktop/one-credit-undertales/AHam/AHam.srcs/sources_1/new/CursorRom.v:28]
INFO: [Synth 8-3876] $readmem data file 'Cursor.mem' is read successfully [C:/Users/Nai/Desktop/one-credit-undertales/AHam/AHam.srcs/sources_1/new/CursorRom.v:31]
INFO: [Synth 8-6155] done synthesizing module 'CursorRom' (5#1) [C:/Users/Nai/Desktop/one-credit-undertales/AHam/AHam.srcs/sources_1/new/CursorRom.v:22]
WARNING: [Synth 8-5788] Register sel_reg in module CursorSprite is has both Set and reset with same priority. This may cause simulation mismatches. Consider rewriting code  [C:/Users/Nai/Desktop/one-credit-undertales/AHam/AHam.srcs/sources_1/new/CursorSprite.v:78]
INFO: [Synth 8-6155] done synthesizing module 'CursorSprite' (6#1) [C:/Users/Nai/Desktop/one-credit-undertales/AHam/AHam.srcs/sources_1/new/CursorSprite.v:23]
INFO: [Synth 8-6157] synthesizing module 'FightFrameSprite' [C:/Users/Nai/Desktop/one-credit-undertales/AHam/AHam.srcs/sources_1/new/FightFrameSprite.v:22]
INFO: [Synth 8-6155] done synthesizing module 'FightFrameSprite' (7#1) [C:/Users/Nai/Desktop/one-credit-undertales/AHam/AHam.srcs/sources_1/new/FightFrameSprite.v:22]
INFO: [Synth 8-6157] synthesizing module 'ColorbarSprite' [C:/Users/Nai/Desktop/one-credit-undertales/AHam/AHam.srcs/sources_1/new/ColorbarSprite.v:23]
	Parameter CWidth bound to: 338 - type: integer 
	Parameter CHeight bound to: 15 - type: integer 
INFO: [Synth 8-6157] synthesizing module 'ColorbarRom' [C:/Users/Nai/Desktop/one-credit-undertales/AHam/AHam.srcs/sources_1/new/ColorbarRom.v:23]
INFO: [Synth 8-5534] Detected attribute (* ROM_STYLE = "block" *) [C:/Users/Nai/Desktop/one-credit-undertales/AHam/AHam.srcs/sources_1/new/ColorbarRom.v:29]
INFO: [Synth 8-3876] $readmem data file 'colorbar.mem' is read successfully [C:/Users/Nai/Desktop/one-credit-undertales/AHam/AHam.srcs/sources_1/new/ColorbarRom.v:32]
INFO: [Synth 8-6155] done synthesizing module 'ColorbarRom' (8#1) [C:/Users/Nai/Desktop/one-credit-undertales/AHam/AHam.srcs/sources_1/new/ColorbarRom.v:23]
INFO: [Synth 8-6155] done synthesizing module 'ColorbarSprite' (9#1) [C:/Users/Nai/Desktop/one-credit-undertales/AHam/AHam.srcs/sources_1/new/ColorbarSprite.v:23]
INFO: [Synth 8-6157] synthesizing module 'PivotSprite' [C:/Users/Nai/Desktop/one-credit-undertales/AHam/AHam.srcs/sources_1/new/PivotSprite.v:23]
	Parameter PWidth bound to: 6 - type: integer 
	Parameter PHeight bound to: 130 - type: integer 
INFO: [Synth 8-6155] done synthesizing module 'PivotSprite' (10#1) [C:/Users/Nai/Desktop/one-credit-undertales/AHam/AHam.srcs/sources_1/new/PivotSprite.v:23]
INFO: [Synth 8-6157] synthesizing module 'TitleSprite' [C:/Users/Nai/Desktop/one-credit-undertales/AHam/AHam.srcs/sources_1/new/TitleSprite.v:9]
	Parameter TWidth bound to: 350 - type: integer 
	Parameter THeight bound to: 246 - type: integer 
INFO: [Synth 8-6157] synthesizing module 'TitleRom' [C:/Users/Nai/Desktop/one-credit-undertales/AHam/AHam.srcs/sources_1/new/TitleRom.v:5]
INFO: [Synth 8-5534] Detected attribute (* ROM_STYLE = "block" *) [C:/Users/Nai/Desktop/one-credit-undertales/AHam/AHam.srcs/sources_1/new/TitleRom.v:11]
INFO: [Synth 8-3876] $readmem data file 'TiTle.mem' is read successfully [C:/Users/Nai/Desktop/one-credit-undertales/AHam/AHam.srcs/sources_1/new/TitleRom.v:14]
INFO: [Synth 8-6155] done synthesizing module 'TitleRom' (11#1) [C:/Users/Nai/Desktop/one-credit-undertales/AHam/AHam.srcs/sources_1/new/TitleRom.v:5]
INFO: [Synth 8-6155] done synthesizing module 'TitleSprite' (12#1) [C:/Users/Nai/Desktop/one-credit-undertales/AHam/AHam.srcs/sources_1/new/TitleSprite.v:9]
INFO: [Synth 8-6157] synthesizing module 'GameoverSprite' [C:/Users/Nai/Desktop/one-credit-undertales/AHam/AHam.srcs/sources_1/new/GameoverSprite.v:9]
	Parameter TWidth bound to: 350 - type: integer 
	Parameter THeight bound to: 31 - type: integer 
INFO: [Synth 8-6157] synthesizing module 'GameoverRom' [C:/Users/Nai/Desktop/one-credit-undertales/AHam/AHam.srcs/sources_1/new/GameoverRom.v:5]
INFO: [Synth 8-5534] Detected attribute (* ROM_STYLE = "block" *) [C:/Users/Nai/Desktop/one-credit-undertales/AHam/AHam.srcs/sources_1/new/GameoverRom.v:11]
INFO: [Synth 8-3876] $readmem data file 'Gameover.mem' is read successfully [C:/Users/Nai/Desktop/one-credit-undertales/AHam/AHam.srcs/sources_1/new/GameoverRom.v:14]
INFO: [Synth 8-6155] done synthesizing module 'GameoverRom' (13#1) [C:/Users/Nai/Desktop/one-credit-undertales/AHam/AHam.srcs/sources_1/new/GameoverRom.v:5]
INFO: [Synth 8-6155] done synthesizing module 'GameoverSprite' (14#1) [C:/Users/Nai/Desktop/one-credit-undertales/AHam/AHam.srcs/sources_1/new/GameoverSprite.v:9]
INFO: [Synth 8-6157] synthesizing module 'WinSprite' [C:/Users/Nai/Desktop/one-credit-undertales/AHam/AHam.srcs/sources_1/new/WinSprite.v:9]
	Parameter TWidth bound to: 234 - type: integer 
	Parameter THeight bound to: 64 - type: integer 
INFO: [Synth 8-6157] synthesizing module 'WinRom' [C:/Users/Nai/Desktop/one-credit-undertales/AHam/AHam.srcs/sources_1/new/WinRom.v:5]
INFO: [Synth 8-5534] Detected attribute (* ROM_STYLE = "block" *) [C:/Users/Nai/Desktop/one-credit-undertales/AHam/AHam.srcs/sources_1/new/WinRom.v:11]
INFO: [Synth 8-3876] $readmem data file 'Win.mem' is read successfully [C:/Users/Nai/Desktop/one-credit-undertales/AHam/AHam.srcs/sources_1/new/WinRom.v:14]
INFO: [Synth 8-6155] done synthesizing module 'WinRom' (15#1) [C:/Users/Nai/Desktop/one-credit-undertales/AHam/AHam.srcs/sources_1/new/WinRom.v:5]
INFO: [Synth 8-6155] done synthesizing module 'WinSprite' (16#1) [C:/Users/Nai/Desktop/one-credit-undertales/AHam/AHam.srcs/sources_1/new/WinSprite.v:9]
INFO: [Synth 8-6157] synthesizing module 'TimerState' [C:/Users/Nai/Desktop/one-credit-undertales/AHam/AHam.srcs/sources_1/new/TimerState.v:23]
INFO: [Synth 8-6155] done synthesizing module 'TimerState' (17#1) [C:/Users/Nai/Desktop/one-credit-undertales/AHam/AHam.srcs/sources_1/new/TimerState.v:23]
INFO: [Synth 8-6157] synthesizing module 'SoulSprite' [C:/Users/Nai/Desktop/one-credit-undertales/AHam/AHam.srcs/sources_1/new/SoulSprite.v:4]
	Parameter SoulWidth bound to: 15 - type: integer 
	Parameter SoulHeight bound to: 15 - type: integer 
INFO: [Synth 8-6157] synthesizing module 'SoulRom' [C:/Users/Nai/Desktop/one-credit-undertales/AHam/AHam.srcs/sources_1/new/SoulRom.v:4]
INFO: [Synth 8-5534] Detected attribute (* ROM_STYLE = "block" *) [C:/Users/Nai/Desktop/one-credit-undertales/AHam/AHam.srcs/sources_1/new/SoulRom.v:10]
INFO: [Synth 8-3876] $readmem data file 'RedSoul.mem' is read successfully [C:/Users/Nai/Desktop/one-credit-undertales/AHam/AHam.srcs/sources_1/new/SoulRom.v:13]
INFO: [Synth 8-6155] done synthesizing module 'SoulRom' (18#1) [C:/Users/Nai/Desktop/one-credit-undertales/AHam/AHam.srcs/sources_1/new/SoulRom.v:4]
INFO: [Synth 8-6155] done synthesizing module 'SoulSprite' (19#1) [C:/Users/Nai/Desktop/one-credit-undertales/AHam/AHam.srcs/sources_1/new/SoulSprite.v:4]
INFO: [Synth 8-6157] synthesizing module 'FrameSprite' [C:/Users/Nai/Desktop/one-credit-undertales/AHam/AHam.srcs/sources_1/new/FrameSprite.v:1]
INFO: [Synth 8-6155] done synthesizing module 'FrameSprite' (20#1) [C:/Users/Nai/Desktop/one-credit-undertales/AHam/AHam.srcs/sources_1/new/FrameSprite.v:1]
INFO: [Synth 8-6157] synthesizing module 'HpSprite' [C:/Users/Nai/Desktop/one-credit-undertales/AHam/AHam.srcs/sources_1/new/HpSprite.v:1]
	Parameter Hp bound to: 200 - type: integer 
INFO: [Synth 8-6155] done synthesizing module 'HpSprite' (21#1) [C:/Users/Nai/Desktop/one-credit-undertales/AHam/AHam.srcs/sources_1/new/HpSprite.v:1]
INFO: [Synth 8-6157] synthesizing module 'Hp2Sprite' [C:/Users/Nai/Desktop/one-credit-undertales/AHam/AHam.srcs/sources_1/new/Hp2Sprite.v:1]
	Parameter Hp bound to: 200 - type: integer 
INFO: [Synth 8-6155] done synthesizing module 'Hp2Sprite' (22#1) [C:/Users/Nai/Desktop/one-credit-undertales/AHam/AHam.srcs/sources_1/new/Hp2Sprite.v:1]
INFO: [Synth 8-6157] synthesizing module 'BallSprite' [C:/Users/Nai/Desktop/one-credit-undertales/AHam/AHam.srcs/sources_1/new/BallSprite.v:1]
INFO: [Synth 8-6155] done synthesizing module 'BallSprite' (23#1) [C:/Users/Nai/Desktop/one-credit-undertales/AHam/AHam.srcs/sources_1/new/BallSprite.v:1]
INFO: [Synth 8-6157] synthesizing module 'BallSprite2' [C:/Users/Nai/Desktop/one-credit-undertales/AHam/AHam.srcs/sources_1/new/BallSprite2.v:1]
INFO: [Synth 8-6155] done synthesizing module 'BallSprite2' (24#1) [C:/Users/Nai/Desktop/one-credit-undertales/AHam/AHam.srcs/sources_1/new/BallSprite2.v:1]
INFO: [Synth 8-6157] synthesizing module 'BallSprite3' [C:/Users/Nai/Desktop/one-credit-undertales/AHam/AHam.srcs/sources_1/new/BallSprite3.v:1]
INFO: [Synth 8-6155] done synthesizing module 'BallSprite3' (25#1) [C:/Users/Nai/Desktop/one-credit-undertales/AHam/AHam.srcs/sources_1/new/BallSprite3.v:1]
INFO: [Synth 8-6157] synthesizing module 'SanSprite' [C:/Users/Nai/Desktop/one-credit-undertales/AHam/AHam.srcs/sources_1/new/SanSprite.v:4]
	Parameter SanWidth bound to: 120 - type: integer 
	Parameter SanHeight bound to: 190 - type: integer 
INFO: [Synth 8-6157] synthesizing module 'SanRom' [C:/Users/Nai/Desktop/one-credit-undertales/AHam/AHam.srcs/sources_1/new/SanRom.v:4]
INFO: [Synth 8-5534] Detected attribute (* ROM_STYLE = "block" *) [C:/Users/Nai/Desktop/one-credit-undertales/AHam/AHam.srcs/sources_1/new/SanRom.v:10]
INFO: [Synth 8-3876] $readmem data file 'San.mem' is read successfully [C:/Users/Nai/Desktop/one-credit-undertales/AHam/AHam.srcs/sources_1/new/SanRom.v:13]
INFO: [Synth 8-6155] done synthesizing module 'SanRom' (26#1) [C:/Users/Nai/Desktop/one-credit-undertales/AHam/AHam.srcs/sources_1/new/SanRom.v:4]
INFO: [Synth 8-6155] done synthesizing module 'SanSprite' (27#1) [C:/Users/Nai/Desktop/one-credit-undertales/AHam/AHam.srcs/sources_1/new/SanSprite.v:4]
INFO: [Synth 8-6157] synthesizing module 'segmentDriver' [C:/Users/Nai/Desktop/one-credit-undertales/AHam/AHam.srcs/sources_1/new/segmentDriver.v:21]
INFO: [Synth 8-6157] synthesizing module 'clkDivide' [C:/Users/Nai/Desktop/one-credit-undertales/AHam/AHam.srcs/sources_1/new/clkDivide.v:23]
	Parameter bitDiv bound to: 22 - type: integer 
INFO: [Synth 8-6157] synthesizing module 'flipflop' [C:/Users/Nai/Desktop/one-credit-undertales/AHam/AHam.srcs/sources_1/new/clkDivide.v:44]
INFO: [Synth 8-6155] done synthesizing module 'flipflop' (28#1) [C:/Users/Nai/Desktop/one-credit-undertales/AHam/AHam.srcs/sources_1/new/clkDivide.v:44]
WARNING: [Synth 8-567] referenced signal 'bit' should be on the sensitivity list [C:/Users/Nai/Desktop/one-credit-undertales/AHam/AHam.srcs/sources_1/new/clkDivide.v:39]
INFO: [Synth 8-6155] done synthesizing module 'clkDivide' (29#1) [C:/Users/Nai/Desktop/one-credit-undertales/AHam/AHam.srcs/sources_1/new/clkDivide.v:23]
INFO: [Synth 8-6157] synthesizing module 'hexToSegment' [C:/Users/Nai/Desktop/one-credit-undertales/AHam/AHam.srcs/sources_1/new/segmentDriver.v:57]
INFO: [Synth 8-6155] done synthesizing module 'hexToSegment' (30#1) [C:/Users/Nai/Desktop/one-credit-undertales/AHam/AHam.srcs/sources_1/new/segmentDriver.v:57]
WARNING: [Synth 8-567] referenced signal 'hex' should be on the sensitivity list [C:/Users/Nai/Desktop/one-credit-undertales/AHam/AHam.srcs/sources_1/new/segmentDriver.v:39]
INFO: [Synth 8-6155] done synthesizing module 'segmentDriver' (31#1) [C:/Users/Nai/Desktop/one-credit-undertales/AHam/AHam.srcs/sources_1/new/segmentDriver.v:21]
INFO: [Synth 8-6155] done synthesizing module 'Top' (32#1) [C:/Users/Nai/Desktop/one-credit-undertales/AHam/AHam.srcs/sources_1/new/Top.v:3]
WARNING: [Synth 8-3331] design BallSprite3 has unconnected port aactive
WARNING: [Synth 8-3331] design BallSprite2 has unconnected port aactive
WARNING: [Synth 8-3331] design BallSprite has unconnected port aactive
WARNING: [Synth 8-3331] design Hp2Sprite has unconnected port aactive
WARNING: [Synth 8-3331] design HpSprite has unconnected port aactive
WARNING: [Synth 8-3331] design FrameSprite has unconnected port aactive
WARNING: [Synth 8-3331] design PivotSprite has unconnected port aactive
WARNING: [Synth 8-3331] design FightFrameSprite has unconnected port aactive
---------------------------------------------------------------------------------
Finished RTL Elaboration : Time (s): cpu = 00:00:06 ; elapsed = 00:00:09 . Memory (MB): peak = 1031.063 ; gain = 410.039
---------------------------------------------------------------------------------

Report Check Netlist: 
+------+------------------+-------+---------+-------+------------------+
|      |Item              |Errors |Warnings |Status |Description       |
+------+------------------+-------+---------+-------+------------------+
|1     |multi_driven_nets |      0|        0|Passed |Multi driven nets |
+------+------------------+-------+---------+-------+------------------+
---------------------------------------------------------------------------------
Start Handling Custom Attributes
---------------------------------------------------------------------------------
---------------------------------------------------------------------------------
Finished Handling Custom Attributes : Time (s): cpu = 00:00:07 ; elapsed = 00:00:10 . Memory (MB): peak = 1031.063 ; gain = 410.039
---------------------------------------------------------------------------------
---------------------------------------------------------------------------------
Finished RTL Optimization Phase 1 : Time (s): cpu = 00:00:07 ; elapsed = 00:00:10 . Memory (MB): peak = 1031.063 ; gain = 410.039
---------------------------------------------------------------------------------
Netlist sorting complete. Time (s): cpu = 00:00:00 ; elapsed = 00:00:00.035 . Memory (MB): peak = 1031.063 ; gain = 0.000
INFO: [Project 1-570] Preparing netlist for logic optimization

Processing XDC Constraints
Initializing timing engine
Parsing XDC File [C:/Users/Nai/Desktop/one-credit-undertales/AHam/AHam.srcs/constrs_1/new/basys3.xdc]
WARNING: [Vivado 12-584] No ports matched 'btnL'. [C:/Users/Nai/Desktop/one-credit-undertales/AHam/AHam.srcs/constrs_1/new/basys3.xdc:14]
CRITICAL WARNING: [Common 17-55] 'set_property' expects at least one object. [C:/Users/Nai/Desktop/one-credit-undertales/AHam/AHam.srcs/constrs_1/new/basys3.xdc:14]
Resolution: If [get_<value>] was used to populate the object, check to make sure this command returns at least one valid object.
WARNING: [Vivado 12-584] No ports matched 'btnL'. [C:/Users/Nai/Desktop/one-credit-undertales/AHam/AHam.srcs/constrs_1/new/basys3.xdc:15]
CRITICAL WARNING: [Common 17-55] 'set_property' expects at least one object. [C:/Users/Nai/Desktop/one-credit-undertales/AHam/AHam.srcs/constrs_1/new/basys3.xdc:15]
Resolution: If [get_<value>] was used to populate the object, check to make sure this command returns at least one valid object.
WARNING: [Vivado 12-584] No ports matched 'btnR'. [C:/Users/Nai/Desktop/one-credit-undertales/AHam/AHam.srcs/constrs_1/new/basys3.xdc:16]
CRITICAL WARNING: [Common 17-55] 'set_property' expects at least one object. [C:/Users/Nai/Desktop/one-credit-undertales/AHam/AHam.srcs/constrs_1/new/basys3.xdc:16]
Resolution: If [get_<value>] was used to populate the object, check to make sure this command returns at least one valid object.
WARNING: [Vivado 12-584] No ports matched 'btnR'. [C:/Users/Nai/Desktop/one-credit-undertales/AHam/AHam.srcs/constrs_1/new/basys3.xdc:17]
CRITICAL WARNING: [Common 17-55] 'set_property' expects at least one object. [C:/Users/Nai/Desktop/one-credit-undertales/AHam/AHam.srcs/constrs_1/new/basys3.xdc:17]
Resolution: If [get_<value>] was used to populate the object, check to make sure this command returns at least one valid object.
WARNING: [Vivado 12-584] No ports matched 'btnU'. [C:/Users/Nai/Desktop/one-credit-undertales/AHam/AHam.srcs/constrs_1/new/basys3.xdc:18]
CRITICAL WARNING: [Common 17-55] 'set_property' expects at least one object. [C:/Users/Nai/Desktop/one-credit-undertales/AHam/AHam.srcs/constrs_1/new/basys3.xdc:18]
Resolution: If [get_<value>] was used to populate the object, check to make sure this command returns at least one valid object.
WARNING: [Vivado 12-584] No ports matched 'btnU'. [C:/Users/Nai/Desktop/one-credit-undertales/AHam/AHam.srcs/constrs_1/new/basys3.xdc:19]
CRITICAL WARNING: [Common 17-55] 'set_property' expects at least one object. [C:/Users/Nai/Desktop/one-credit-undertales/AHam/AHam.srcs/constrs_1/new/basys3.xdc:19]
Resolution: If [get_<value>] was used to populate the object, check to make sure this command returns at least one valid object.
WARNING: [Vivado 12-584] No ports matched 'btnD'. [C:/Users/Nai/Desktop/one-credit-undertales/AHam/AHam.srcs/constrs_1/new/basys3.xdc:20]
CRITICAL WARNING: [Common 17-55] 'set_property' expects at least one object. [C:/Users/Nai/Desktop/one-credit-undertales/AHam/AHam.srcs/constrs_1/new/basys3.xdc:20]
Resolution: If [get_<value>] was used to populate the object, check to make sure this command returns at least one valid object.
WARNING: [Vivado 12-584] No ports matched 'btnD'. [C:/Users/Nai/Desktop/one-credit-undertales/AHam/AHam.srcs/constrs_1/new/basys3.xdc:21]
CRITICAL WARNING: [Common 17-55] 'set_property' expects at least one object. [C:/Users/Nai/Desktop/one-credit-undertales/AHam/AHam.srcs/constrs_1/new/basys3.xdc:21]
Resolution: If [get_<value>] was used to populate the object, check to make sure this command returns at least one valid object.
WARNING: [Vivado 12-584] No ports matched 'tx'. [C:/Users/Nai/Desktop/one-credit-undertales/AHam/AHam.srcs/constrs_1/new/basys3.xdc:42]
CRITICAL WARNING: [Common 17-55] 'set_property' expects at least one object. [C:/Users/Nai/Desktop/one-credit-undertales/AHam/AHam.srcs/constrs_1/new/basys3.xdc:42]
Resolution: If [get_<value>] was used to populate the object, check to make sure this command returns at least one valid object.
WARNING: [Vivado 12-584] No ports matched 'tx'. [C:/Users/Nai/Desktop/one-credit-undertales/AHam/AHam.srcs/constrs_1/new/basys3.xdc:43]
CRITICAL WARNING: [Common 17-55] 'set_property' expects at least one object. [C:/Users/Nai/Desktop/one-credit-undertales/AHam/AHam.srcs/constrs_1/new/basys3.xdc:43]
Resolution: If [get_<value>] was used to populate the object, check to make sure this command returns at least one valid object.
WARNING: [Vivado 12-584] No ports matched 'dp'. [C:/Users/Nai/Desktop/one-credit-undertales/AHam/AHam.srcs/constrs_1/new/basys3.xdc:70]
CRITICAL WARNING: [Common 17-55] 'set_property' expects at least one object. [C:/Users/Nai/Desktop/one-credit-undertales/AHam/AHam.srcs/constrs_1/new/basys3.xdc:70]
Resolution: If [get_<value>] was used to populate the object, check to make sure this command returns at least one valid object.
WARNING: [Vivado 12-584] No ports matched 'dp'. [C:/Users/Nai/Desktop/one-credit-undertales/AHam/AHam.srcs/constrs_1/new/basys3.xdc:71]
CRITICAL WARNING: [Common 17-55] 'set_property' expects at least one object. [C:/Users/Nai/Desktop/one-credit-undertales/AHam/AHam.srcs/constrs_1/new/basys3.xdc:71]
Resolution: If [get_<value>] was used to populate the object, check to make sure this command returns at least one valid object.
Finished Parsing XDC File [C:/Users/Nai/Desktop/one-credit-undertales/AHam/AHam.srcs/constrs_1/new/basys3.xdc]
INFO: [Project 1-236] Implementation specific constraints were found while reading constraint file [C:/Users/Nai/Desktop/one-credit-undertales/AHam/AHam.srcs/constrs_1/new/basys3.xdc]. These constraints will be ignored for synthesis but will be used in implementation. Impacted constraints are listed in the file [.Xil/Top_propImpl.xdc].
Resolution: To avoid this warning, move constraints listed in [.Xil/Top_propImpl.xdc] to another XDC file and exclude this new file from synthesis with the used_in_synthesis property (File Properties dialog in GUI) and re-run elaboration/synthesis.
Completed Processing XDC Constraints

Netlist sorting complete. Time (s): cpu = 00:00:00 ; elapsed = 00:00:00 . Memory (MB): peak = 1119.734 ; gain = 0.000
INFO: [Project 1-111] Unisim Transformation Summary:
No Unisim elements were transformed.

Constraint Validation Runtime : Time (s): cpu = 00:00:00 ; elapsed = 00:00:00.057 . Memory (MB): peak = 1119.734 ; gain = 0.000
---------------------------------------------------------------------------------
Finished Constraint Validation : Time (s): cpu = 00:00:15 ; elapsed = 00:00:21 . Memory (MB): peak = 1119.734 ; gain = 498.711
---------------------------------------------------------------------------------
---------------------------------------------------------------------------------
Start Loading Part and Timing Information
---------------------------------------------------------------------------------
Loading part: xc7a35tcpg236-1
---------------------------------------------------------------------------------
Finished Loading Part and Timing Information : Time (s): cpu = 00:00:15 ; elapsed = 00:00:21 . Memory (MB): peak = 1119.734 ; gain = 498.711
---------------------------------------------------------------------------------
---------------------------------------------------------------------------------
Start Applying 'set_property' XDC Constraints
---------------------------------------------------------------------------------
---------------------------------------------------------------------------------
Finished applying 'set_property' XDC Constraints : Time (s): cpu = 00:00:15 ; elapsed = 00:00:21 . Memory (MB): peak = 1119.734 ; gain = 498.711
---------------------------------------------------------------------------------
INFO: [Synth 8-7031] Trying to map ROM "Cmemory_array" into Block RAM due to explicit "ram_style" or "rom_style" specification
INFO: [Synth 8-7031] Trying to map ROM "memory_array" into Block RAM due to explicit "ram_style" or "rom_style" specification
INFO: [Synth 8-802] inferred FSM for state register 'Adir_reg' in module 'PivotSprite'
INFO: [Synth 8-7031] Trying to map ROM "memory_array" into Block RAM due to explicit "ram_style" or "rom_style" specification
INFO: [Synth 8-7031] Trying to map ROM "memory_array" into Block RAM due to explicit "ram_style" or "rom_style" specification
INFO: [Synth 8-7031] Trying to map ROM "memory_array" into Block RAM due to explicit "ram_style" or "rom_style" specification
INFO: [Synth 8-7031] Trying to map ROM "memory_array" into Block RAM due to explicit "ram_style" or "rom_style" specification
INFO: [Synth 8-802] inferred FSM for state register 'Bdir_reg' in module 'BallSprite'
INFO: [Synth 8-802] inferred FSM for state register 'Bdir_reg' in module 'BallSprite2'
INFO: [Synth 8-802] inferred FSM for state register 'Bdir_reg' in module 'BallSprite3'
INFO: [Synth 8-7031] Trying to map ROM "memory_array" into Block RAM due to explicit "ram_style" or "rom_style" specification
WARNING: [Synth 8-327] inferring latch for variable 'w_reg' [C:/Users/Nai/Desktop/one-credit-undertales/AHam/AHam.srcs/sources_1/new/keyboard.v:89]
WARNING: [Synth 8-327] inferring latch for variable 's_reg' [C:/Users/Nai/Desktop/one-credit-undertales/AHam/AHam.srcs/sources_1/new/keyboard.v:93]
WARNING: [Synth 8-327] inferring latch for variable 'a_reg' [C:/Users/Nai/Desktop/one-credit-undertales/AHam/AHam.srcs/sources_1/new/keyboard.v:81]
WARNING: [Synth 8-327] inferring latch for variable 'd_reg' [C:/Users/Nai/Desktop/one-credit-undertales/AHam/AHam.srcs/sources_1/new/keyboard.v:85]
WARNING: [Synth 8-327] inferring latch for variable 'space_reg' [C:/Users/Nai/Desktop/one-credit-undertales/AHam/AHam.srcs/sources_1/new/keyboard.v:97]
---------------------------------------------------------------------------------------------------
                   State |                     New Encoding |                Previous Encoding 
---------------------------------------------------------------------------------------------------
                 iSTATE0 |                                0 |                               01
*
                  iSTATE |                                1 |                               00
---------------------------------------------------------------------------------------------------
INFO: [Synth 8-3354] encoded FSM with state register 'Adir_reg' using encoding 'sequential' in module 'PivotSprite'
---------------------------------------------------------------------------------------------------
                   State |                     New Encoding |                Previous Encoding 
---------------------------------------------------------------------------------------------------
                 iSTATE0 |                                0 |                               01
*
                  iSTATE |                                1 |                               00
---------------------------------------------------------------------------------------------------
INFO: [Synth 8-3354] encoded FSM with state register 'Bdir_reg' using encoding 'sequential' in module 'BallSprite'
---------------------------------------------------------------------------------------------------
                   State |                     New Encoding |                Previous Encoding 
---------------------------------------------------------------------------------------------------
                 iSTATE0 |                                0 |                               01
*
                  iSTATE |                                1 |                               00
---------------------------------------------------------------------------------------------------
INFO: [Synth 8-3354] encoded FSM with state register 'Bdir_reg' using encoding 'sequential' in module 'BallSprite2'
---------------------------------------------------------------------------------------------------
                   State |                     New Encoding |                Previous Encoding 
---------------------------------------------------------------------------------------------------
                 iSTATE0 |                                0 |                               01
*
                  iSTATE |                                1 |                               00
---------------------------------------------------------------------------------------------------
INFO: [Synth 8-3354] encoded FSM with state register 'Bdir_reg' using encoding 'sequential' in module 'BallSprite3'
---------------------------------------------------------------------------------
Finished RTL Optimization Phase 2 : Time (s): cpu = 00:00:29 ; elapsed = 00:00:36 . Memory (MB): peak = 1124.598 ; gain = 503.574
---------------------------------------------------------------------------------

Report RTL Partitions: 
+-+--------------+------------+----------+
| |RTL Partition |Replication |Instances |
+-+--------------+------------+----------+
+-+--------------+------------+----------+
---------------------------------------------------------------------------------
Start RTL Component Statistics 
---------------------------------------------------------------------------------
Detailed RTL Component Info : 
+---Adders : 
	   2 Input     32 Bit       Adders := 6     
	   4 Input     32 Bit       Adders := 1     
	   3 Input     32 Bit       Adders := 6     
	   2 Input     27 Bit       Adders := 1     
	   2 Input     17 Bit       Adders := 1     
	   3 Input     12 Bit       Adders := 9     
	   2 Input     11 Bit       Adders := 2     
	   3 Input     11 Bit       Adders := 1     
	   2 Input     10 Bit       Adders := 21    
	   2 Input      9 Bit       Adders := 2     
	   2 Input      5 Bit       Adders := 2     
	   2 Input      4 Bit       Adders := 1     
	   2 Input      2 Bit       Adders := 1     
+---Registers : 
	               16 Bit    Registers := 3     
	               10 Bit    Registers := 23    
	                9 Bit    Registers := 1     
	                8 Bit    Registers := 4     
	                7 Bit    Registers := 9     
	                6 Bit    Registers := 1     
	                5 Bit    Registers := 2     
	                4 Bit    Registers := 4     
	                2 Bit    Registers := 4     
	                1 Bit    Registers := 53    
+---Multipliers : 
	                32x32  Multipliers := 6     
+---ROMs : 
	                              ROMs := 10    
+---Muxes : 
	   2 Input     10 Bit        Muxes := 19    
	   5 Input     10 Bit        Muxes := 1     
	   3 Input     10 Bit        Muxes := 1     
	   2 Input      9 Bit        Muxes := 3     
	   4 Input      8 Bit        Muxes := 2     
	   2 Input      8 Bit        Muxes := 2     
	   2 Input      5 Bit        Muxes := 1     
	   2 Input      4 Bit        Muxes := 4     
	   4 Input      4 Bit        Muxes := 2     
	   4 Input      2 Bit        Muxes := 3     
	   2 Input      2 Bit        Muxes := 3     
	   2 Input      1 Bit        Muxes := 58    
	   3 Input      1 Bit        Muxes := 2     
	  12 Input      1 Bit        Muxes := 2     
	   5 Input      1 Bit        Muxes := 2     
	   4 Input      1 Bit        Muxes := 2     
---------------------------------------------------------------------------------
Finished RTL Component Statistics 
---------------------------------------------------------------------------------
---------------------------------------------------------------------------------
Start RTL Hierarchical Component Statistics 
---------------------------------------------------------------------------------
Hierarchical RTL Component report 
Module Top 
Detailed RTL Component Info : 
+---Adders : 
	   3 Input     12 Bit       Adders := 1     
+---Registers : 
	                4 Bit    Registers := 3     
+---Muxes : 
	   2 Input      4 Bit        Muxes := 3     
	   2 Input      1 Bit        Muxes := 6     
Module debouncer 
Detailed RTL Component Info : 
+---Adders : 
	   2 Input      5 Bit       Adders := 1     
+---Registers : 
	                5 Bit    Registers := 1     
	                1 Bit    Registers := 2     
+---Muxes : 
	   2 Input      1 Bit        Muxes := 2     
Module PS2Receiver 
Detailed RTL Component Info : 
+---Adders : 
	   2 Input      4 Bit       Adders := 1     
+---Registers : 
	               16 Bit    Registers := 1     
	                8 Bit    Registers := 2     
	                4 Bit    Registers := 1     
	                1 Bit    Registers := 3     
+---Muxes : 
	   2 Input      4 Bit        Muxes := 1     
	   3 Input      1 Bit        Muxes := 1     
	  12 Input      1 Bit        Muxes := 2     
Module keyboard 
Detailed RTL Component Info : 
+---Registers : 
	               16 Bit    Registers := 1     
	                1 Bit    Registers := 1     
+---Muxes : 
	   2 Input      1 Bit        Muxes := 4     
Module vga640x480 
Detailed RTL Component Info : 
+---Adders : 
	   2 Input     17 Bit       Adders := 1     
	   2 Input     10 Bit       Adders := 2     
+---Registers : 
	               16 Bit    Registers := 1     
	               10 Bit    Registers := 2     
	                1 Bit    Registers := 1     
+---Muxes : 
	   2 Input     10 Bit        Muxes := 4     
	   2 Input      1 Bit        Muxes := 3     
Module CursorRom 
Detailed RTL Component Info : 
+---Registers : 
	                7 Bit    Registers := 1     
+---ROMs : 
	                              ROMs := 1     
Module CursorSprite 
Detailed RTL Component Info : 
+---Adders : 
	   2 Input     10 Bit       Adders := 4     
+---Registers : 
	               10 Bit    Registers := 4     
	                2 Bit    Registers := 1     
	                1 Bit    Registers := 4     
+---Muxes : 
	   4 Input      2 Bit        Muxes := 1     
Module FightFrameSprite 
Detailed RTL Component Info : 
+---Registers : 
	                1 Bit    Registers := 1     
Module ColorbarRom 
Detailed RTL Component Info : 
+---Registers : 
	                6 Bit    Registers := 1     
+---ROMs : 
	                              ROMs := 1     
Module ColorbarSprite 
Detailed RTL Component Info : 
+---Registers : 
	                1 Bit    Registers := 1     
Module PivotSprite 
Detailed RTL Component Info : 
+---Adders : 
	   2 Input     11 Bit       Adders := 1     
	   2 Input     10 Bit       Adders := 3     
+---Registers : 
	               10 Bit    Registers := 3     
	                1 Bit    Registers := 2     
+---Muxes : 
	   5 Input     10 Bit        Muxes := 1     
	   2 Input      5 Bit        Muxes := 1     
	   3 Input      1 Bit        Muxes := 1     
	   2 Input      1 Bit        Muxes := 2     
	   5 Input      1 Bit        Muxes := 1     
Module TitleRom 
Detailed RTL Component Info : 
+---Registers : 
	                7 Bit    Registers := 1     
+---ROMs : 
	                              ROMs := 1     
Module TitleSprite 
Detailed RTL Component Info : 
+---Registers : 
	                1 Bit    Registers := 2     
+---Muxes : 
	   2 Input      1 Bit        Muxes := 1     
Module GameoverRom 
Detailed RTL Component Info : 
+---Registers : 
	                7 Bit    Registers := 1     
+---ROMs : 
	                              ROMs := 1     
Module GameoverSprite 
Detailed RTL Component Info : 
+---Registers : 
	                1 Bit    Registers := 1     
Module WinRom 
Detailed RTL Component Info : 
+---Registers : 
	                7 Bit    Registers := 1     
+---ROMs : 
	                              ROMs := 1     
Module WinSprite 
Detailed RTL Component Info : 
+---Registers : 
	                1 Bit    Registers := 1     
Module TimerState 
Detailed RTL Component Info : 
+---Adders : 
	   2 Input     27 Bit       Adders := 1     
+---Registers : 
	                1 Bit    Registers := 1     
Module SoulRom 
Detailed RTL Component Info : 
+---Registers : 
	                7 Bit    Registers := 1     
+---ROMs : 
	                              ROMs := 1     
Module SoulSprite 
Detailed RTL Component Info : 
+---Adders : 
	   2 Input     32 Bit       Adders := 2     
	   3 Input     12 Bit       Adders := 1     
	   3 Input     11 Bit       Adders := 1     
	   2 Input     10 Bit       Adders := 3     
	   2 Input      9 Bit       Adders := 2     
+---Registers : 
	               10 Bit    Registers := 4     
	                9 Bit    Registers := 1     
	                1 Bit    Registers := 1     
+---Muxes : 
	   2 Input     10 Bit        Muxes := 3     
	   3 Input     10 Bit        Muxes := 1     
	   2 Input      9 Bit        Muxes := 3     
	   2 Input      1 Bit        Muxes := 7     
Module FrameSprite 
Detailed RTL Component Info : 
+---Registers : 
	                1 Bit    Registers := 1     
Module HpSprite 
Detailed RTL Component Info : 
+---Adders : 
	   4 Input     32 Bit       Adders := 1     
	   3 Input     12 Bit       Adders := 1     
	   2 Input     11 Bit       Adders := 1     
+---Registers : 
	                1 Bit    Registers := 2     
Module Hp2Sprite 
Detailed RTL Component Info : 
+---Adders : 
	   2 Input     32 Bit       Adders := 1     
+---Registers : 
	                1 Bit    Registers := 1     
Module BallSprite 
Detailed RTL Component Info : 
+---Adders : 
	   3 Input     32 Bit       Adders := 2     
	   2 Input     32 Bit       Adders := 1     
	   3 Input     12 Bit       Adders := 2     
	   2 Input     10 Bit       Adders := 3     
+---Registers : 
	               10 Bit    Registers := 3     
	                8 Bit    Registers := 1     
	                2 Bit    Registers := 1     
	                1 Bit    Registers := 1     
+---Multipliers : 
	                32x32  Multipliers := 2     
+---Muxes : 
	   2 Input     10 Bit        Muxes := 4     
	   4 Input      8 Bit        Muxes := 1     
	   2 Input      8 Bit        Muxes := 1     
	   2 Input      2 Bit        Muxes := 1     
	   4 Input      2 Bit        Muxes := 1     
	   2 Input      1 Bit        Muxes := 9     
	   4 Input      1 Bit        Muxes := 1     
Module BallSprite2 
Detailed RTL Component Info : 
+---Adders : 
	   3 Input     32 Bit       Adders := 2     
	   2 Input     32 Bit       Adders := 1     
	   3 Input     12 Bit       Adders := 2     
	   2 Input     10 Bit       Adders := 3     
+---Registers : 
	               10 Bit    Registers := 3     
	                8 Bit    Registers := 1     
	                2 Bit    Registers := 1     
	                1 Bit    Registers := 1     
+---Multipliers : 
	                32x32  Multipliers := 2     
+---Muxes : 
	   2 Input     10 Bit        Muxes := 4     
	   4 Input      8 Bit        Muxes := 1     
	   2 Input      8 Bit        Muxes := 1     
	   2 Input      2 Bit        Muxes := 1     
	   4 Input      2 Bit        Muxes := 1     
	   2 Input      1 Bit        Muxes := 9     
	   4 Input      1 Bit        Muxes := 1     
Module BallSprite3 
Detailed RTL Component Info : 
+---Adders : 
	   3 Input     32 Bit       Adders := 2     
	   2 Input     32 Bit       Adders := 1     
	   3 Input     12 Bit       Adders := 2     
	   2 Input     10 Bit       Adders := 3     
+---Registers : 
	               10 Bit    Registers := 4     
	                1 Bit    Registers := 2     
+---Multipliers : 
	                32x32  Multipliers := 2     
+---Muxes : 
	   2 Input     10 Bit        Muxes := 4     
	   2 Input      2 Bit        Muxes := 1     
	   2 Input      1 Bit        Muxes := 13    
	   5 Input      1 Bit        Muxes := 1     
Module SanRom 
Detailed RTL Component Info : 
+---Registers : 
	                7 Bit    Registers := 1     
+---ROMs : 
	                              ROMs := 1     
Module SanSprite 
Detailed RTL Component Info : 
+---Registers : 
	                1 Bit    Registers := 1     
Module flipflop 
Detailed RTL Component Info : 
+---Registers : 
	                1 Bit    Registers := 1     
Module segmentDriver 
Detailed RTL Component Info : 
+---Adders : 
	   2 Input      2 Bit       Adders := 1     
+---Registers : 
	                2 Bit    Registers := 1     
+---Muxes : 
	   4 Input      4 Bit        Muxes := 2     
---------------------------------------------------------------------------------
Finished RTL Hierarchical Component Statistics
---------------------------------------------------------------------------------
---------------------------------------------------------------------------------
Start Part Resource Summary
---------------------------------------------------------------------------------
Part Resources:
DSPs: 90 (col length:60)
BRAMs: 100 (col length: RAMB18 60 RAMB36 30)
---------------------------------------------------------------------------------
Finished Part Resource Summary
---------------------------------------------------------------------------------
---------------------------------------------------------------------------------
Start Cross Boundary and Area Optimization
---------------------------------------------------------------------------------
Warning: Parallel synthesis criteria is not met 
INFO: [Synth 8-5546] ROM "p_0_out" won't be mapped to RAM because it is too sparse
INFO: [Synth 8-5845] Not enough pipeline registers after wide multiplier. Recommended levels of pipeline registers is 4 [C:/Users/Nai/Desktop/one-credit-undertales/AHam/AHam.srcs/sources_1/new/BallSprite.v:22]
INFO: [Synth 8-5845] Not enough pipeline registers after wide multiplier. Recommended levels of pipeline registers is 4 [C:/Users/Nai/Desktop/one-credit-undertales/AHam/AHam.srcs/sources_1/new/BallSprite.v:22]
DSP Report: Generating DSP BallSpriteOn3, operation Mode is: A*B.
DSP Report: operator BallSpriteOn3 is absorbed into DSP BallSpriteOn3.
DSP Report: operator BallSpriteOn3 is absorbed into DSP BallSpriteOn3.
DSP Report: Generating DSP BallSpriteOn3, operation Mode is: (PCIN>>17)+A*B.
DSP Report: operator BallSpriteOn3 is absorbed into DSP BallSpriteOn3.
DSP Report: operator BallSpriteOn3 is absorbed into DSP BallSpriteOn3.
DSP Report: Generating DSP BallSpriteOn3, operation Mode is: A*B.
DSP Report: operator BallSpriteOn3 is absorbed into DSP BallSpriteOn3.
DSP Report: operator BallSpriteOn3 is absorbed into DSP BallSpriteOn3.
DSP Report: Generating DSP BallSpriteOn3, operation Mode is: (PCIN>>17)+A*B.
DSP Report: operator BallSpriteOn3 is absorbed into DSP BallSpriteOn3.
DSP Report: operator BallSpriteOn3 is absorbed into DSP BallSpriteOn3.
DSP Report: Generating DSP BallSpriteOn3, operation Mode is: A*B.
DSP Report: operator BallSpriteOn3 is absorbed into DSP BallSpriteOn3.
DSP Report: operator BallSpriteOn3 is absorbed into DSP BallSpriteOn3.
DSP Report: Generating DSP BallSpriteOn3, operation Mode is: (PCIN>>17)+A*B.
DSP Report: operator BallSpriteOn3 is absorbed into DSP BallSpriteOn3.
DSP Report: operator BallSpriteOn3 is absorbed into DSP BallSpriteOn3.
DSP Report: Generating DSP BallSpriteOn3, operation Mode is: A*B.
DSP Report: operator BallSpriteOn3 is absorbed into DSP BallSpriteOn3.
DSP Report: operator BallSpriteOn3 is absorbed into DSP BallSpriteOn3.
DSP Report: Generating DSP BallSpriteOn3, operation Mode is: (PCIN>>17)+A*B.
DSP Report: operator BallSpriteOn3 is absorbed into DSP BallSpriteOn3.
DSP Report: operator BallSpriteOn3 is absorbed into DSP BallSpriteOn3.
INFO: [Synth 8-5546] ROM "p_0_out" won't be mapped to RAM because it is too sparse
INFO: [Synth 8-5845] Not enough pipeline registers after wide multiplier. Recommended levels of pipeline registers is 4 [C:/Users/Nai/Desktop/one-credit-undertales/AHam/AHam.srcs/sources_1/new/BallSprite2.v:22]
INFO: [Synth 8-5845] Not enough pipeline registers after wide multiplier. Recommended levels of pipeline registers is 4 [C:/Users/Nai/Desktop/one-credit-undertales/AHam/AHam.srcs/sources_1/new/BallSprite2.v:22]
DSP Report: Generating DSP BallSprite2On3, operation Mode is: A*B.
DSP Report: operator BallSprite2On3 is absorbed into DSP BallSprite2On3.
DSP Report: operator BallSprite2On3 is absorbed into DSP BallSprite2On3.
DSP Report: Generating DSP BallSprite2On3, operation Mode is: (PCIN>>17)+A*B.
DSP Report: operator BallSprite2On3 is absorbed into DSP BallSprite2On3.
DSP Report: operator BallSprite2On3 is absorbed into DSP BallSprite2On3.
DSP Report: Generating DSP BallSprite2On3, operation Mode is: A*B.
DSP Report: operator BallSprite2On3 is absorbed into DSP BallSprite2On3.
DSP Report: operator BallSprite2On3 is absorbed into DSP BallSprite2On3.
DSP Report: Generating DSP BallSprite2On3, operation Mode is: (PCIN>>17)+A*B.
DSP Report: operator BallSprite2On3 is absorbed into DSP BallSprite2On3.
DSP Report: operator BallSprite2On3 is absorbed into DSP BallSprite2On3.
DSP Report: Generating DSP BallSprite2On3, operation Mode is: A*B.
DSP Report: operator BallSprite2On3 is absorbed into DSP BallSprite2On3.
DSP Report: operator BallSprite2On3 is absorbed into DSP BallSprite2On3.
DSP Report: Generating DSP BallSprite2On3, operation Mode is: (PCIN>>17)+A*B.
DSP Report: operator BallSprite2On3 is absorbed into DSP BallSprite2On3.
DSP Report: operator BallSprite2On3 is absorbed into DSP BallSprite2On3.
DSP Report: Generating DSP BallSprite2On3, operation Mode is: A*B.
DSP Report: operator BallSprite2On3 is absorbed into DSP BallSprite2On3.
DSP Report: operator BallSprite2On3 is absorbed into DSP BallSprite2On3.
DSP Report: Generating DSP BallSprite2On3, operation Mode is: (PCIN>>17)+A*B.
DSP Report: operator BallSprite2On3 is absorbed into DSP BallSprite2On3.
DSP Report: operator BallSprite2On3 is absorbed into DSP BallSprite2On3.
INFO: [Synth 8-5845] Not enough pipeline registers after wide multiplier. Recommended levels of pipeline registers is 4 [C:/Users/Nai/Desktop/one-credit-undertales/AHam/AHam.srcs/sources_1/new/BallSprite3.v:22]
INFO: [Synth 8-5845] Not enough pipeline registers after wide multiplier. Recommended levels of pipeline registers is 4 [C:/Users/Nai/Desktop/one-credit-undertales/AHam/AHam.srcs/sources_1/new/BallSprite3.v:22]
DSP Report: Generating DSP BallSprite3On3, operation Mode is: A*B.
DSP Report: operator BallSprite3On3 is absorbed into DSP BallSprite3On3.
DSP Report: operator BallSprite3On3 is absorbed into DSP BallSprite3On3.
DSP Report: Generating DSP BallSprite3On3, operation Mode is: (PCIN>>17)+A*B.
DSP Report: operator BallSprite3On3 is absorbed into DSP BallSprite3On3.
DSP Report: operator BallSprite3On3 is absorbed into DSP BallSprite3On3.
DSP Report: Generating DSP BallSprite3On3, operation Mode is: A*B.
DSP Report: operator BallSprite3On3 is absorbed into DSP BallSprite3On3.
DSP Report: operator BallSprite3On3 is absorbed into DSP BallSprite3On3.
DSP Report: Generating DSP BallSprite3On3, operation Mode is: (PCIN>>17)+A*B.
DSP Report: operator BallSprite3On3 is absorbed into DSP BallSprite3On3.
DSP Report: operator BallSprite3On3 is absorbed into DSP BallSprite3On3.
DSP Report: Generating DSP BallSprite3On3, operation Mode is: A*B.
DSP Report: operator BallSprite3On3 is absorbed into DSP BallSprite3On3.
DSP Report: operator BallSprite3On3 is absorbed into DSP BallSprite3On3.
DSP Report: Generating DSP BallSprite3On3, operation Mode is: (PCIN>>17)+A*B.
DSP Report: operator BallSprite3On3 is absorbed into DSP BallSprite3On3.
DSP Report: operator BallSprite3On3 is absorbed into DSP BallSprite3On3.
DSP Report: Generating DSP BallSprite3On3, operation Mode is: A*B.
DSP Report: operator BallSprite3On3 is absorbed into DSP BallSprite3On3.
DSP Report: operator BallSprite3On3 is absorbed into DSP BallSprite3On3.
DSP Report: Generating DSP BallSprite3On3, operation Mode is: (PCIN>>17)+A*B.
DSP Report: operator BallSprite3On3 is absorbed into DSP BallSprite3On3.
DSP Report: operator BallSprite3On3 is absorbed into DSP BallSprite3On3.
WARNING: [Synth 8-3331] design BallSprite3 has unconnected port aactive
WARNING: [Synth 8-3331] design BallSprite2 has unconnected port aactive
WARNING: [Synth 8-3331] design BallSprite has unconnected port aactive
WARNING: [Synth 8-3331] design Hp2Sprite has unconnected port aactive
WARNING: [Synth 8-3331] design HpSprite has unconnected port aactive
WARNING: [Synth 8-3331] design FrameSprite has unconnected port aactive
WARNING: [Synth 8-3331] design PivotSprite has unconnected port aactive
WARNING: [Synth 8-3331] design FightFrameSprite has unconnected port aactive
INFO: [Synth 8-3886] merging instance 'kb/uut/dataprev_reg[0]' (FDE) to 'kb/uut/keycode_reg[0]'
INFO: [Synth 8-3886] merging instance 'kb/uut/dataprev_reg[1]' (FDE) to 'kb/uut/keycode_reg[1]'
INFO: [Synth 8-3886] merging instance 'kb/uut/dataprev_reg[2]' (FDE) to 'kb/uut/keycode_reg[2]'
INFO: [Synth 8-3886] merging instance 'kb/uut/dataprev_reg[3]' (FDE) to 'kb/uut/keycode_reg[3]'
INFO: [Synth 8-3886] merging instance 'kb/uut/dataprev_reg[4]' (FDE) to 'kb/uut/keycode_reg[4]'
INFO: [Synth 8-3886] merging instance 'kb/uut/dataprev_reg[5]' (FDE) to 'kb/uut/keycode_reg[5]'
INFO: [Synth 8-3886] merging instance 'kb/uut/dataprev_reg[6]' (FDE) to 'kb/uut/keycode_reg[6]'
INFO: [Synth 8-3886] merging instance 'kb/uut/dataprev_reg[7]' (FDE) to 'kb/uut/keycode_reg[7]'
INFO: [Synth 8-3886] merging instance 'BallDisplay/B1Y_reg[0]' (FDRE) to 'BallDisplay/B1Y_reg[2]'
INFO: [Synth 8-3886] merging instance 'BallDisplay/B1Y_reg[1]' (FDSE) to 'BallDisplay/B1Y_reg[4]'
INFO: [Synth 8-3886] merging instance 'BallDisplay/B1Y_reg[2]' (FDRE) to 'BallDisplay/B1Y_reg[3]'
INFO: [Synth 8-3886] merging instance 'BallDisplay/B1Y_reg[3]' (FDRE) to 'BallDisplay/B1Y_reg[7]'
INFO: [Synth 8-3886] merging instance 'BallDisplay/B1Y_reg[4]' (FDSE) to 'BallDisplay/B1Y_reg[5]'
INFO: [Synth 8-3886] merging instance 'BallDisplay/B1Y_reg[5]' (FDSE) to 'BallDisplay/B1Y_reg[6]'
INFO: [Synth 8-3886] merging instance 'BallDisplay/B1Y_reg[6]' (FDSE) to 'BallDisplay/B1Y_reg[8]'
INFO: [Synth 8-3886] merging instance 'BallDisplay/B1Y_reg[7]' (FDRE) to 'BallDisplay/B1Y_reg[9]'
INFO: [Synth 8-3333] propagating constant 1 across sequential element (BallDisplay/\B1Y_reg[8] )
INFO: [Synth 8-3333] propagating constant 0 across sequential element (BallDisplay/\B1Y_reg[9] )
INFO: [Synth 8-3333] propagating constant 0 across sequential element (BallDisplay/\del_reg[1] )
INFO: [Synth 8-3886] merging instance 'Ball2Display/B1X_reg[0]' (FDRE) to 'Ball2Display/B1X_reg[1]'
INFO: [Synth 8-3886] merging instance 'Ball2Display/B1X_reg[1]' (FDRE) to 'Ball2Display/B1X_reg[2]'
INFO: [Synth 8-3886] merging instance 'Ball2Display/B1X_reg[2]' (FDRE) to 'Ball2Display/B1X_reg[4]'
INFO: [Synth 8-3886] merging instance 'Ball2Display/B1X_reg[3]' (FDSE) to 'Ball2Display/B1X_reg[5]'
INFO: [Synth 8-3886] merging instance 'Ball2Display/B1X_reg[4]' (FDRE) to 'Ball2Display/B1X_reg[7]'
INFO: [Synth 8-3886] merging instance 'Ball2Display/B1X_reg[5]' (FDSE) to 'Ball2Display/B1X_reg[6]'
INFO: [Synth 8-3886] merging instance 'Ball2Display/B1X_reg[6]' (FDSE) to 'Ball2Display/B1X_reg[8]'
INFO: [Synth 8-3886] merging instance 'Ball2Display/B1X_reg[7]' (FDRE) to 'Ball2Display/B1X_reg[9]'
INFO: [Synth 8-3333] propagating constant 1 across sequential element (Ball2Display/\B1X_reg[8] )
INFO: [Synth 8-3333] propagating constant 0 across sequential element (Ball2Display/\B1X_reg[9] )
INFO: [Synth 8-3333] propagating constant 0 across sequential element (Ball2Display/\del_reg[1] )
INFO: [Synth 8-3886] merging instance 'Ball3Display/B1X_reg[0]' (FDRE) to 'Ball3Display/B1X_reg[4]'
INFO: [Synth 8-3886] merging instance 'Ball3Display/B1X_reg[1]' (FDSE) to 'Ball3Display/B1X_reg[2]'
INFO: [Synth 8-3886] merging instance 'Ball3Display/B1X_reg[2]' (FDSE) to 'Ball3Display/B1X_reg[3]'
INFO: [Synth 8-3886] merging instance 'Ball3Display/B1X_reg[3]' (FDSE) to 'Ball3Display/B1X_reg[8]'
INFO: [Synth 8-3886] merging instance 'Ball3Display/B1X_reg[4]' (FDRE) to 'Ball3Display/B1X_reg[5]'
INFO: [Synth 8-3886] merging instance 'Ball3Display/B1X_reg[5]' (FDRE) to 'Ball3Display/B1X_reg[6]'
INFO: [Synth 8-3886] merging instance 'Ball3Display/B1X_reg[6]' (FDRE) to 'Ball3Display/B1X_reg[7]'
INFO: [Synth 8-3886] merging instance 'Ball3Display/B1X_reg[7]' (FDRE) to 'Ball3Display/B1X_reg[9]'
INFO: [Synth 8-3333] propagating constant 1 across sequential element (Ball3Display/\B1X_reg[8] )
INFO: [Synth 8-3333] propagating constant 0 across sequential element (Ball3Display/\B1X_reg[9] )
INFO: [Synth 8-3333] propagating constant 0 across sequential element (SoulDisplay/\SoulY_reg[9] )
INFO: [Synth 8-3886] merging instance 'TitleDisplay/i_1/TitleVRom/o_data_reg_mux_sel' (FD) to 'TitleDisplay/i_1/TitleVRom/o_data_reg_mux_sel__5'
INFO: [Synth 8-3886] merging instance 'TitleDisplay/i_1/TitleVRom/o_data_reg_mux_sel__0' (FD) to 'TitleDisplay/i_1/TitleVRom/o_data_reg_mux_sel__5'
INFO: [Synth 8-3886] merging instance 'TitleDisplay/i_1/TitleVRom/o_data_reg_mux_sel__1' (FD) to 'TitleDisplay/i_1/TitleVRom/o_data_reg_mux_sel__5'
INFO: [Synth 8-3886] merging instance 'TitleDisplay/i_1/TitleVRom/o_data_reg_mux_sel__2' (FD) to 'TitleDisplay/i_1/TitleVRom/o_data_reg_mux_sel__5'
INFO: [Synth 8-3886] merging instance 'TitleDisplay/i_1/TitleVRom/o_data_reg_mux_sel__3' (FD) to 'TitleDisplay/i_1/TitleVRom/o_data_reg_mux_sel__5'
INFO: [Synth 8-3886] merging instance 'TitleDisplay/i_1/TitleVRom/o_data_reg_mux_sel__4' (FD) to 'TitleDisplay/i_1/TitleVRom/o_data_reg_mux_sel__5'
INFO: [Synth 8-3333] propagating constant 0 across sequential element (BallDisplay/\dmg1_reg[0] )
INFO: [Synth 8-3333] propagating constant 0 across sequential element (Ball2Display/\dmg2_reg[0] )
INFO: [Synth 8-3886] merging instance 'Ball3Display/dmg3_reg[0]' (FDRE) to 'Ball3Display/dmg3_reg[9]'
INFO: [Synth 8-3886] merging instance 'BallDisplay/dmg1_reg[1]' (FDE) to 'BallDisplay/dmg1_reg[4]'
INFO: [Synth 8-3886] merging instance 'Ball2Display/dmg2_reg[1]' (FDE) to 'Ball2Display/dmg2_reg[4]'
INFO: [Synth 8-3886] merging instance 'Ball3Display/dmg3_reg[1]' (FDSE) to 'Ball3Display/dmg3_reg[5]'
INFO: [Synth 8-3886] merging instance 'Ball3Display/dmg3_reg[2]' (FDRE) to 'Ball3Display/dmg3_reg[9]'
INFO: [Synth 8-3886] merging instance 'Ball3Display/dmg3_reg[3]' (FDRE) to 'Ball3Display/dmg3_reg[9]'
INFO: [Synth 8-3886] merging instance 'Ball3Display/dmg3_reg[4]' (FDSE) to 'Ball3Display/dmg3_reg[5]'
INFO: [Synth 8-3886] merging instance 'Ball3Display/dmg3_reg[6]' (FDRE) to 'Ball3Display/dmg3_reg[9]'
INFO: [Synth 8-3886] merging instance 'Ball3Display/dmg3_reg[7]' (FDRE) to 'Ball3Display/dmg3_reg[9]'
INFO: [Synth 8-3886] merging instance 'Ball3Display/dmg3_reg[8]' (FDRE) to 'Ball3Display/dmg3_reg[9]'
INFO: [Synth 8-3333] propagating constant 0 across sequential element (Ball3Display/\dmg3_reg[9] )
---------------------------------------------------------------------------------
Finished Cross Boundary and Area Optimization : Time (s): cpu = 00:00:47 ; elapsed = 00:00:57 . Memory (MB): peak = 1155.441 ; gain = 534.418
---------------------------------------------------------------------------------
---------------------------------------------------------------------------------
Start ROM, RAM, DSP and Shift Register Reporting
---------------------------------------------------------------------------------

ROM:
+------------+------------+---------------+----------------+
|Module Name | RTL Object | Depth x Width | Implemented As | 
+------------+------------+---------------+----------------+
|Top         | p_0_out    | 256x8         | LUT            | 
|Top         | p_0_out    | 256x8         | LUT            | 
|Top         | p_0_out    | 256x8         | LUT            | 
|Top         | p_0_out    | 256x8         | LUT            | 
|Top         | p_0_out    | 256x8         | LUT            | 
|Top         | p_0_out    | 256x8         | LUT            | 
|Top         | p_0_out    | 256x8         | LUT            | 
|Top         | p_0_out    | 256x8         | LUT            | 
|Top         | p_0_out    | 256x8         | LUT            | 
|Top         | p_0_out    | 64x8          | LUT            | 
|Top         | p_0_out    | 256x8         | LUT            | 
|Top         | p_0_out    | 256x8         | LUT            | 
|Top         | p_0_out    | 256x8         | LUT            | 
|Top         | p_0_out    | 256x8         | LUT            | 
|Top         | p_0_out    | 256x8         | LUT            | 
|Top         | p_0_out    | 256x8         | LUT            | 
|Top         | p_0_out    | 256x8         | LUT            | 
|Top         | p_0_out    | 256x8         | LUT            | 
|Top         | p_0_out    | 256x8         | LUT            | 
|Top         | p_0_out    | 64x8          | LUT            | 
|Top         | p_0_out    | 256x8         | LUT            | 
|Top         | p_0_out    | 256x8         | LUT            | 
|Top         | p_0_out    | 256x8         | LUT            | 
|Top         | p_0_out    | 256x8         | LUT            | 
|Top         | p_0_out    | 256x8         | LUT            | 
|Top         | p_0_out    | 256x8         | LUT            | 
|Top         | p_0_out    | 256x8         | LUT            | 
|Top         | p_0_out    | 256x8         | LUT            | 
|Top         | p_0_out    | 256x8         | LUT            | 
|Top         | p_0_out    | 64x8          | LUT            | 
|Top         | p_0_out    | 256x8         | LUT            | 
|Top         | p_0_out    | 256x8         | LUT            | 
|Top         | p_0_out    | 256x8         | LUT            | 
|Top         | p_0_out    | 256x8         | LUT            | 
|Top         | p_0_out    | 256x8         | LUT            | 
|Top         | p_0_out    | 256x8         | LUT            | 
|Top         | p_0_out    | 256x8         | LUT            | 
|Top         | p_0_out    | 256x8         | LUT            | 
|Top         | p_0_out    | 64x8          | LUT            | 
|Top         | p_0_out    | 256x8         | LUT            | 
|Top         | p_0_out    | 256x8         | LUT            | 
|Top         | p_0_out    | 256x8         | LUT            | 
|Top         | p_0_out    | 256x8         | LUT            | 
|Top         | p_0_out    | 256x8         | LUT            | 
|Top         | p_0_out    | 64x8          | LUT            | 
|Top         | p_0_out    | 256x8         | LUT            | 
|Top         | p_0_out    | 256x8         | LUT            | 
|Top         | p_0_out    | 256x8         | LUT            | 
|Top         | p_0_out    | 256x8         | LUT            | 
|Top         | p_0_out    | 256x8         | LUT            | 
|Top         | p_0_out    | 256x8         | LUT            | 
|Top         | p_0_out    | 256x8         | LUT            | 
|Top         | p_0_out    | 256x8         | LUT            | 
|Top         | p_0_out    | 256x8         | LUT            | 
|Top         | p_0_out    | 64x8          | LUT            | 
+------------+------------+---------------+----------------+


DSP: Preliminary Mapping	Report (see note below)
+------------+----------------+--------+--------+--------+--------+--------+------+------+------+------+-------+------+------+
|Module Name | DSP Mapping    | A Size | B Size | C Size | D Size | P Size | AREG | BREG | CREG | DREG | ADREG | MREG | PREG | 
+------------+----------------+--------+--------+--------+--------+--------+------+------+------+------+-------+------+------+
|BallSprite  | A*B            | 18     | 16     | -      | -      | 48     | 0    | 0    | -    | -    | -     | 0    | 0    | 
|BallSprite  | (PCIN>>17)+A*B | 16     | 16     | -      | -      | 48     | 0    | 0    | -    | -    | -     | 0    | 0    | 
|BallSprite  | A*B            | 18     | 18     | -      | -      | 48     | 0    | 0    | -    | -    | -     | 0    | 0    | 
|BallSprite  | (PCIN>>17)+A*B | 18     | 16     | -      | -      | 48     | 0    | 0    | -    | -    | -     | 0    | 0    | 
|BallSprite  | A*B            | 18     | 16     | -      | -      | 48     | 0    | 0    | -    | -    | -     | 0    | 0    | 
|BallSprite  | (PCIN>>17)+A*B | 16     | 16     | -      | -      | 48     | 0    | 0    | -    | -    | -     | 0    | 0    | 
|BallSprite  | A*B            | 18     | 18     | -      | -      | 48     | 0    | 0    | -    | -    | -     | 0    | 0    | 
|BallSprite  | (PCIN>>17)+A*B | 18     | 16     | -      | -      | 48     | 0    | 0    | -    | -    | -     | 0    | 0    | 
|BallSprite2 | A*B            | 18     | 16     | -      | -      | 48     | 0    | 0    | -    | -    | -     | 0    | 0    | 
|BallSprite2 | (PCIN>>17)+A*B | 16     | 16     | -      | -      | 48     | 0    | 0    | -    | -    | -     | 0    | 0    | 
|BallSprite2 | A*B            | 18     | 18     | -      | -      | 48     | 0    | 0    | -    | -    | -     | 0    | 0    | 
|BallSprite2 | (PCIN>>17)+A*B | 18     | 16     | -      | -      | 48     | 0    | 0    | -    | -    | -     | 0    | 0    | 
|BallSprite2 | A*B            | 18     | 16     | -      | -      | 48     | 0    | 0    | -    | -    | -     | 0    | 0    | 
|BallSprite2 | (PCIN>>17)+A*B | 16     | 16     | -      | -      | 48     | 0    | 0    | -    | -    | -     | 0    | 0    | 
|BallSprite2 | A*B            | 18     | 18     | -      | -      | 48     | 0    | 0    | -    | -    | -     | 0    | 0    | 
|BallSprite2 | (PCIN>>17)+A*B | 18     | 16     | -      | -      | 48     | 0    | 0    | -    | -    | -     | 0    | 0    | 
|BallSprite3 | A*B            | 18     | 16     | -      | -      | 48     | 0    | 0    | -    | -    | -     | 0    | 0    | 
|BallSprite3 | (PCIN>>17)+A*B | 16     | 16     | -      | -      | 48     | 0    | 0    | -    | -    | -     | 0    | 0    | 
|BallSprite3 | A*B            | 18     | 18     | -      | -      | 48     | 0    | 0    | -    | -    | -     | 0    | 0    | 
|BallSprite3 | (PCIN>>17)+A*B | 18     | 16     | -      | -      | 48     | 0    | 0    | -    | -    | -     | 0    | 0    | 
|BallSprite3 | A*B            | 18     | 16     | -      | -      | 48     | 0    | 0    | -    | -    | -     | 0    | 0    | 
|BallSprite3 | (PCIN>>17)+A*B | 16     | 16     | -      | -      | 48     | 0    | 0    | -    | -    | -     | 0    | 0    | 
|BallSprite3 | A*B            | 18     | 18     | -      | -      | 48     | 0    | 0    | -    | -    | -     | 0    | 0    | 
|BallSprite3 | (PCIN>>17)+A*B | 18     | 16     | -      | -      | 48     | 0    | 0    | -    | -    | -     | 0    | 0    | 
+------------+----------------+--------+--------+--------+--------+--------+------+------+------+------+-------+------+------+

Note: The table above is a preliminary report that shows the DSPs inferred at the current stage of the synthesis flow. Some DSP may be reimplemented as non DSP primitives later in the synthesis flow. Multiple instantiated DSPs are reported only once.
---------------------------------------------------------------------------------
Finished ROM, RAM, DSP and Shift Register Reporting
---------------------------------------------------------------------------------

Report RTL Partitions: 
+-+--------------+------------+----------+
| |RTL Partition |Replication |Instances |
+-+--------------+------------+----------+
+-+--------------+------------+----------+
---------------------------------------------------------------------------------
Start Applying XDC Timing Constraints
---------------------------------------------------------------------------------
---------------------------------------------------------------------------------
Finished Applying XDC Timing Constraints : Time (s): cpu = 00:01:00 ; elapsed = 00:01:12 . Memory (MB): peak = 1244.035 ; gain = 623.012
---------------------------------------------------------------------------------
---------------------------------------------------------------------------------
Start Timing Optimization
---------------------------------------------------------------------------------
---------------------------------------------------------------------------------
Finished Timing Optimization : Time (s): cpu = 00:01:02 ; elapsed = 00:01:14 . Memory (MB): peak = 1272.941 ; gain = 651.918
---------------------------------------------------------------------------------

Report RTL Partitions: 
+-+--------------+------------+----------+
| |RTL Partition |Replication |Instances |
+-+--------------+------------+----------+
+-+--------------+------------+----------+
---------------------------------------------------------------------------------
Start Technology Mapping
---------------------------------------------------------------------------------
INFO: [Synth 8-7053] The timing for the instance CursorDisplay/Cursor1VRom/o_Cdata_reg (implemented as a Block RAM) might be sub-optimal as no optional output register could be merged into the ram block. Providing additional output register may help in improving timing.
INFO: [Synth 8-7053] The timing for the instance CursorDisplay/Cursor1VRom/o_Cdata_reg (implemented as a Block RAM) might be sub-optimal as no optional output register could be merged into the ram block. Providing additional output register may help in improving timing.
INFO: [Synth 8-7053] The timing for the instance CursorDisplay/Cursor3VRom/o_Cdata_reg (implemented as a Block RAM) might be sub-optimal as no optional output register could be merged into the ram block. Providing additional output register may help in improving timing.
INFO: [Synth 8-7053] The timing for the instance CursorDisplay/Cursor3VRom/o_Cdata_reg (implemented as a Block RAM) might be sub-optimal as no optional output register could be merged into the ram block. Providing additional output register may help in improving timing.
INFO: [Synth 8-7053] The timing for the instance ColorbarDisplay/ColorVRom/o_data_reg_0 (implemented as a Block RAM) might be sub-optimal as no optional output register could be merged into the ram block. Providing additional output register may help in improving timing.
INFO: [Synth 8-7053] The timing for the instance ColorbarDisplay/ColorVRom/o_data_reg_1 (implemented as a Block RAM) might be sub-optimal as no optional output register could be merged into the ram block. Providing additional output register may help in improving timing.
INFO: [Synth 8-7053] The timing for the instance TitleDisplay/TitleVRom/o_data_reg_1_0 (implemented as a Block RAM) might be sub-optimal as no optional output register could be merged into the ram block. Providing additional output register may help in improving timing.
INFO: [Synth 8-7053] The timing for the instance TitleDisplay/TitleVRom/o_data_reg_1_1 (implemented as a Block RAM) might be sub-optimal as no optional output register could be merged into the ram block. Providing additional output register may help in improving timing.
INFO: [Synth 8-7053] The timing for the instance TitleDisplay/TitleVRom/o_data_reg_1_2 (implemented as a Block RAM) might be sub-optimal as no optional output register could be merged into the ram block. Providing additional output register may help in improving timing.
INFO: [Synth 8-7053] The timing for the instance TitleDisplay/TitleVRom/o_data_reg_1_3 (implemented as a Block RAM) might be sub-optimal as no optional output register could be merged into the ram block. Providing additional output register may help in improving timing.
INFO: [Synth 8-7053] The timing for the instance TitleDisplay/TitleVRom/o_data_reg_1_4 (implemented as a Block RAM) might be sub-optimal as no optional output register could be merged into the ram block. Providing additional output register may help in improving timing.
INFO: [Synth 8-7053] The timing for the instance TitleDisplay/TitleVRom/o_data_reg_1_5 (implemented as a Block RAM) might be sub-optimal as no optional output register could be merged into the ram block. Providing additional output register may help in improving timing.
INFO: [Synth 8-7053] The timing for the instance TitleDisplay/TitleVRom/o_data_reg_1_6 (implemented as a Block RAM) might be sub-optimal as no optional output register could be merged into the ram block. Providing additional output register may help in improving timing.
INFO: [Synth 8-7053] The timing for the instance TitleDisplay/TitleVRom/o_data_reg_3_0 (implemented as a Block RAM) might be sub-optimal as no optional output register could be merged into the ram block. Providing additional output register may help in improving timing.
INFO: [Synth 8-7053] The timing for the instance TitleDisplay/TitleVRom/o_data_reg_3_1 (implemented as a Block RAM) might be sub-optimal as no optional output register could be merged into the ram block. Providing additional output register may help in improving timing.
INFO: [Synth 8-7053] The timing for the instance TitleDisplay/TitleVRom/o_data_reg_3_2 (implemented as a Block RAM) might be sub-optimal as no optional output register could be merged into the ram block. Providing additional output register may help in improving timing.
INFO: [Synth 8-7053] The timing for the instance TitleDisplay/TitleVRom/o_data_reg_3_3 (implemented as a Block RAM) might be sub-optimal as no optional output register could be merged into the ram block. Providing additional output register may help in improving timing.
INFO: [Synth 8-7053] The timing for the instance TitleDisplay/TitleVRom/o_data_reg_3_4 (implemented as a Block RAM) might be sub-optimal as no optional output register could be merged into the ram block. Providing additional output register may help in improving timing.
INFO: [Synth 8-7053] The timing for the instance TitleDisplay/TitleVRom/o_data_reg_3_5 (implemented as a Block RAM) might be sub-optimal as no optional output register could be merged into the ram block. Providing additional output register may help in improving timing.
INFO: [Synth 8-7053] The timing for the instance TitleDisplay/TitleVRom/o_data_reg_3_6 (implemented as a Block RAM) might be sub-optimal as no optional output register could be merged into the ram block. Providing additional output register may help in improving timing.
INFO: [Synth 8-7053] The timing for the instance GameoverDisplay/GameoverVRom/o_data_reg_0 (implemented as a Block RAM) might be sub-optimal as no optional output register could be merged into the ram block. Providing additional output register may help in improving timing.
INFO: [Synth 8-7053] The timing for the instance GameoverDisplay/GameoverVRom/o_data_reg_1 (implemented as a Block RAM) might be sub-optimal as no optional output register could be merged into the ram block. Providing additional output register may help in improving timing.
INFO: [Synth 8-7053] The timing for the instance GameoverDisplay/GameoverVRom/o_data_reg_2 (implemented as a Block RAM) might be sub-optimal as no optional output register could be merged into the ram block. Providing additional output register may help in improving timing.
INFO: [Synth 8-7053] The timing for the instance GameoverDisplay/GameoverVRom/o_data_reg_3 (implemented as a Block RAM) might be sub-optimal as no optional output register could be merged into the ram block. Providing additional output register may help in improving timing.
INFO: [Synth 8-7053] The timing for the instance GameoverDisplay/GameoverVRom/o_data_reg_3 (implemented as a Block RAM) might be sub-optimal as no optional output register could be merged into the ram block. Providing additional output register may help in improving timing.
INFO: [Synth 8-7053] The timing for the instance WinDisplay/WinVRom/o_data_reg_0 (implemented as a Block RAM) might be sub-optimal as no optional output register could be merged into the ram block. Providing additional output register may help in improving timing.
INFO: [Synth 8-7053] The timing for the instance WinDisplay/WinVRom/o_data_reg_1 (implemented as a Block RAM) might be sub-optimal as no optional output register could be merged into the ram block. Providing additional output register may help in improving timing.
INFO: [Synth 8-7053] The timing for the instance WinDisplay/WinVRom/o_data_reg_2 (implemented as a Block RAM) might be sub-optimal as no optional output register could be merged into the ram block. Providing additional output register may help in improving timing.
INFO: [Synth 8-7053] The timing for the instance SoulDisplay/SoulVRom/o_data_reg (implemented as a Block RAM) might be sub-optimal as no optional output register could be merged into the ram block. Providing additional output register may help in improving timing.
INFO: [Synth 8-7053] The timing for the instance SanDisplay/SanVRom/o_data_reg_0_0 (implemented as a Block RAM) might be sub-optimal as no optional output register could be merged into the ram block. Providing additional output register may help in improving timing.
INFO: [Synth 8-7053] The timing for the instance SanDisplay/SanVRom/o_data_reg_0_1 (implemented as a Block RAM) might be sub-optimal as no optional output register could be merged into the ram block. Providing additional output register may help in improving timing.
INFO: [Synth 8-7053] The timing for the instance SanDisplay/SanVRom/o_data_reg_0_2 (implemented as a Block RAM) might be sub-optimal as no optional output register could be merged into the ram block. Providing additional output register may help in improving timing.
INFO: [Synth 8-7053] The timing for the instance SanDisplay/SanVRom/o_data_reg_0_3 (implemented as a Block RAM) might be sub-optimal as no optional output register could be merged into the ram block. Providing additional output register may help in improving timing.
INFO: [Synth 8-7053] The timing for the instance SanDisplay/SanVRom/o_data_reg_0_4 (implemented as a Block RAM) might be sub-optimal as no optional output register could be merged into the ram block. Providing additional output register may help in improving timing.
INFO: [Synth 8-7053] The timing for the instance SanDisplay/SanVRom/o_data_reg_0_5 (implemented as a Block RAM) might be sub-optimal as no optional output register could be merged into the ram block. Providing additional output register may help in improving timing.
INFO: [Synth 8-7053] The timing for the instance SanDisplay/SanVRom/o_data_reg_0_6 (implemented as a Block RAM) might be sub-optimal as no optional output register could be merged into the ram block. Providing additional output register may help in improving timing.
---------------------------------------------------------------------------------
Finished Technology Mapping : Time (s): cpu = 00:01:05 ; elapsed = 00:01:18 . Memory (MB): peak = 1279.148 ; gain = 658.125
---------------------------------------------------------------------------------

Report RTL Partitions: 
+-+--------------+------------+----------+
| |RTL Partition |Replication |Instances |
+-+--------------+------------+----------+
+-+--------------+------------+----------+
---------------------------------------------------------------------------------
Start IO Insertion
---------------------------------------------------------------------------------
---------------------------------------------------------------------------------
Start Flattening Before IO Insertion
---------------------------------------------------------------------------------
---------------------------------------------------------------------------------
Finished Flattening Before IO Insertion
---------------------------------------------------------------------------------
---------------------------------------------------------------------------------
Start Final Netlist Cleanup
---------------------------------------------------------------------------------
---------------------------------------------------------------------------------
Finished Final Netlist Cleanup
---------------------------------------------------------------------------------
---------------------------------------------------------------------------------
Finished IO Insertion : Time (s): cpu = 00:01:09 ; elapsed = 00:01:22 . Memory (MB): peak = 1284.664 ; gain = 663.641
---------------------------------------------------------------------------------
---------------------------------------------------------------------------------
Start Renaming Generated Instances
---------------------------------------------------------------------------------
---------------------------------------------------------------------------------
Finished Renaming Generated Instances : Time (s): cpu = 00:01:09 ; elapsed = 00:01:22 . Memory (MB): peak = 1284.664 ; gain = 663.641
---------------------------------------------------------------------------------

Report RTL Partitions: 
+-+--------------+------------+----------+
| |RTL Partition |Replication |Instances |
+-+--------------+------------+----------+
+-+--------------+------------+----------+

Report Check Netlist: 
+------+------------------+-------+---------+-------+------------------+
|      |Item              |Errors |Warnings |Status |Description       |
+------+------------------+-------+---------+-------+------------------+
|1     |multi_driven_nets |      0|        0|Passed |Multi driven nets |
+------+------------------+-------+---------+-------+------------------+
---------------------------------------------------------------------------------
Start Rebuilding User Hierarchy
---------------------------------------------------------------------------------
---------------------------------------------------------------------------------
Finished Rebuilding User Hierarchy : Time (s): cpu = 00:01:09 ; elapsed = 00:01:23 . Memory (MB): peak = 1284.664 ; gain = 663.641
---------------------------------------------------------------------------------
---------------------------------------------------------------------------------
Start Renaming Generated Ports
---------------------------------------------------------------------------------
---------------------------------------------------------------------------------
Finished Renaming Generated Ports : Time (s): cpu = 00:01:09 ; elapsed = 00:01:23 . Memory (MB): peak = 1284.664 ; gain = 663.641
---------------------------------------------------------------------------------
---------------------------------------------------------------------------------
Start Handling Custom Attributes
---------------------------------------------------------------------------------
---------------------------------------------------------------------------------
Finished Handling Custom Attributes : Time (s): cpu = 00:01:09 ; elapsed = 00:01:23 . Memory (MB): peak = 1284.664 ; gain = 663.641
---------------------------------------------------------------------------------
---------------------------------------------------------------------------------
Start Renaming Generated Nets
---------------------------------------------------------------------------------
---------------------------------------------------------------------------------
Finished Renaming Generated Nets : Time (s): cpu = 00:01:09 ; elapsed = 00:01:23 . Memory (MB): peak = 1284.664 ; gain = 663.641
---------------------------------------------------------------------------------
---------------------------------------------------------------------------------
Start Writing Synthesis Report
---------------------------------------------------------------------------------

Report BlackBoxes: 
+-+--------------+----------+
| |BlackBox name |Instances |
+-+--------------+----------+
+-+--------------+----------+

Report Cell Usage: 
+------+------------+------+
|      |Cell        |Count |
+------+------------+------+
|1     |BUFG        |     3|
|2     |CARRY4      |   208|
|3     |DSP48E1     |    18|
|4     |LUT1        |   114|
|5     |LUT2        |   499|
|6     |LUT3        |   127|
|7     |LUT4        |   231|
|8     |LUT5        |   203|
|9     |LUT6        |   742|
|10    |MUXF7       |    31|
|11    |MUXF8       |     9|
|12    |RAMB18E1    |     3|
|13    |RAMB18E1_1  |     1|
|14    |RAMB18E1_2  |     1|
|15    |RAMB36E1    |     1|
|16    |RAMB36E1_1  |     1|
|17    |RAMB36E1_10 |     1|
|18    |RAMB36E1_11 |     1|
|19    |RAMB36E1_12 |     1|
|20    |RAMB36E1_13 |     2|
|21    |RAMB36E1_14 |     8|
|22    |RAMB36E1_15 |     1|
|23    |RAMB36E1_16 |     1|
|24    |RAMB36E1_17 |     1|
|25    |RAMB36E1_18 |     1|
|26    |RAMB36E1_19 |     1|
|27    |RAMB36E1_2  |     1|
|28    |RAMB36E1_20 |     1|
|29    |RAMB36E1_21 |     1|
|30    |RAMB36E1_22 |     1|
|31    |RAMB36E1_23 |     1|
|32    |RAMB36E1_24 |     1|
|33    |RAMB36E1_25 |     1|
|34    |RAMB36E1_26 |     1|
|35    |RAMB36E1_27 |     1|
|36    |RAMB36E1_28 |     1|
|37    |RAMB36E1_29 |     1|
|38    |RAMB36E1_3  |     1|
|39    |RAMB36E1_30 |     1|
|40    |RAMB36E1_31 |     1|
|41    |RAMB36E1_32 |     1|
|42    |RAMB36E1_33 |     1|
|43    |RAMB36E1_4  |     1|
|44    |RAMB36E1_5  |     1|
|45    |RAMB36E1_6  |     1|
|46    |RAMB36E1_7  |     1|
|47    |RAMB36E1_8  |     1|
|48    |RAMB36E1_9  |     1|
|49    |FDRE        |   398|
|50    |FDSE        |    34|
|51    |LD          |     4|
|52    |LDP         |     1|
|53    |IBUF        |     4|
|54    |OBUF        |    25|
+------+------------+------+

Report Instance Areas: 
+------+-----------------------+-----------------+------+
|      |Instance               |Module           |Cells |
+------+-----------------------+-----------------+------+
|1     |top                    |                 |  2698|
|2     |  Ball2Display         |BallSprite2      |   211|
|3     |  Ball3Display         |BallSprite3      |   173|
|4     |  BallDisplay          |BallSprite       |   214|
|5     |  ColorbarDisplay      |ColorbarSprite   |    47|
|6     |    ColorVRom          |ColorbarRom      |    27|
|7     |  CursorDisplay        |CursorSprite     |   229|
|8     |    Cursor1VRom        |CursorRom        |    71|
|9     |    Cursor3VRom        |CursorRom_19     |    57|
|10    |  FightFrameDisplay    |FightFrameSprite |    10|
|11    |  FrameDisplay         |FrameSprite      |    17|
|12    |  GameoverDisplay      |GameoverSprite   |   128|
|13    |    GameoverVRom       |GameoverRom      |   108|
|14    |  Hp2Display           |Hp2Sprite        |     3|
|15    |  HpDisplay            |HpSprite         |    21|
|16    |  PivotDisplay         |PivotSprite      |   147|
|17    |  SanDisplay           |SanSprite        |    97|
|18    |    SanVRom            |SanRom           |    66|
|19    |  SoulDisplay          |SoulSprite       |   329|
|20    |    SoulVRom           |SoulRom          |    27|
|21    |  TitleDisplay         |TitleSprite      |    75|
|22    |    TitleVRom          |TitleRom         |    49|
|23    |  WinDisplay           |WinSprite        |    78|
|24    |    WinVRom            |WinRom           |    58|
|25    |  display              |vga640x480       |   330|
|26    |  kb                   |keyboard         |   135|
|27    |    uut                |PS2Receiver      |    95|
|28    |      db_clk           |debouncer        |    15|
|29    |      db_data          |debouncer_18     |    16|
|30    |  sd                   |segmentDriver    |    46|
|31    |    cd                 |clkDivide        |    38|
|32    |      \genblk1[10].ff  |flipflop         |     2|
|33    |      \genblk1[11].ff  |flipflop_0       |     2|
|34    |      \genblk1[12].ff  |flipflop_1       |     2|
|35    |      \genblk1[13].ff  |flipflop_2       |     2|
|36    |      \genblk1[14].ff  |flipflop_3       |     2|
|37    |      \genblk1[15].ff  |flipflop_4       |     2|
|38    |      \genblk1[16].ff  |flipflop_5       |     2|
|39    |      \genblk1[17].ff  |flipflop_6       |     2|
|40    |      \genblk1[18].ff  |flipflop_7       |     2|
|41    |      \genblk1[19].ff  |flipflop_8       |     2|
|42    |      \genblk1[1].ff   |flipflop_9       |     2|
|43    |      \genblk1[2].ff   |flipflop_10      |     2|
|44    |      \genblk1[3].ff   |flipflop_11      |     2|
|45    |      \genblk1[4].ff   |flipflop_12      |     2|
|46    |      \genblk1[5].ff   |flipflop_13      |     2|
|47    |      \genblk1[6].ff   |flipflop_14      |     2|
|48    |      \genblk1[7].ff   |flipflop_15      |     2|
|49    |      \genblk1[8].ff   |flipflop_16      |     2|
|50    |      \genblk1[9].ff   |flipflop_17      |     2|
|51    |  timer                |TimerState       |    72|
+------+-----------------------+-----------------+------+
---------------------------------------------------------------------------------
Finished Writing Synthesis Report : Time (s): cpu = 00:01:09 ; elapsed = 00:01:23 . Memory (MB): peak = 1284.664 ; gain = 663.641
---------------------------------------------------------------------------------
Synthesis finished with 0 errors, 0 critical warnings and 13 warnings.
Synthesis Optimization Runtime : Time (s): cpu = 00:00:59 ; elapsed = 00:01:17 . Memory (MB): peak = 1284.664 ; gain = 574.969
Synthesis Optimization Complete : Time (s): cpu = 00:01:09 ; elapsed = 00:01:23 . Memory (MB): peak = 1284.664 ; gain = 663.641
INFO: [Project 1-571] Translating synthesized netlist
Netlist sorting complete. Time (s): cpu = 00:00:00 ; elapsed = 00:00:00.058 . Memory (MB): peak = 1286.063 ; gain = 0.000
INFO: [Netlist 29-17] Analyzing 318 Unisim elements for replacement
INFO: [Netlist 29-28] Unisim Transformation completed in 0 CPU seconds
INFO: [Project 1-570] Preparing netlist for logic optimization
INFO: [Opt 31-138] Pushed 0 inverter(s) to 0 load pin(s).
Netlist sorting complete. Time (s): cpu = 00:00:00 ; elapsed = 00:00:00.001 . Memory (MB): peak = 1286.063 ; gain = 0.000
INFO: [Project 1-111] Unisim Transformation Summary:
  A total of 5 instances were transformed.
  LD => LDCE: 4 instances
  LDP => LDPE: 1 instance 

INFO: [Common 17-83] Releasing license: Synthesis
217 Infos, 42 Warnings, 13 Critical Warnings and 0 Errors encountered.
synth_design completed successfully
synth_design: Time (s): cpu = 00:01:14 ; elapsed = 00:01:34 . Memory (MB): peak = 1286.063 ; gain = 959.660
Netlist sorting complete. Time (s): cpu = 00:00:00 ; elapsed = 00:00:00.001 . Memory (MB): peak = 1286.063 ; gain = 0.000
WARNING: [Constraints 18-5210] No constraints selected for write.
Resolution: This message can indicate that there are no constraints for the design, or it can indicate that the used_in flags are set such that the constraints are ignored. This later case is used when running synth_design to not write synthesis constraints to the resulting checkpoint. Instead, project constraints are read when the synthesized design is opened.
INFO: [Common 17-1381] The checkpoint 'C:/Users/Nai/Desktop/one-credit-undertales/AHam/AHam.runs/synth_1/Top.dcp' has been generated.
INFO: [runtcl-4] Executing : report_utilization -file Top_utilization_synth.rpt -pb Top_utilization_synth.pb
INFO: [Common 17-206] Exiting Vivado at Sun May 31 17:20:40 2020...
