#-----------------------------------------------------------
# Vivado v2019.2 (64-bit)
# SW Build 2708876 on Wed Nov  6 21:40:23 MST 2019
# IP Build 2700528 on Thu Nov  7 00:09:20 MST 2019
# Start of session at: Sun May 31 17:00:27 2020
# Process ID: 26612
# Current directory: C:/Users/Nai/Desktop/one-credit-undertales/AHam
# Command line: vivado.exe -gui_launcher_event rodinguilauncherevent10608 C:\Users\Nai\Desktop\one-credit-undertales\AHam\AHam.xpr
# Log file: C:/Users/Nai/Desktop/one-credit-undertales/AHam/vivado.log
# Journal file: C:/Users/Nai/Desktop/one-credit-undertales/AHam\vivado.jou
#-----------------------------------------------------------
start_gui
open_project C:/Users/Nai/Desktop/one-credit-undertales/AHam/AHam.xpr
Scanning sources...
Finished scanning sources
INFO: [IP_Flow 19-234] Refreshing IP repositories
INFO: [IP_Flow 19-1704] No user IP repositories specified
INFO: [IP_Flow 19-2313] Loaded Vivado IP repository 'D:/Vivado/2019.2/data/ip'.
open_project: Time (s): cpu = 00:00:17 ; elapsed = 00:00:11 . Memory (MB): peak = 772.711 ; gain = 149.898
update_compile_order -fileset sources_1
update_compile_order -fileset sources_1
update_compile_order -fileset sources_1
reset_run synth_1
launch_runs impl_1 -to_step write_bitstream -jobs 4
[Sun May 31 17:18:54 2020] Launched synth_1...
Run output will be captured here: C:/Users/Nai/Desktop/one-credit-undertales/AHam/AHam.runs/synth_1/runme.log
[Sun May 31 17:18:54 2020] Launched impl_1...
Run output will be captured here: C:/Users/Nai/Desktop/one-credit-undertales/AHam/AHam.runs/impl_1/runme.log
exit
INFO: [Common 17-206] Exiting Vivado at Sun May 31 18:09:07 2020...
