#-----------------------------------------------------------
# Vivado v2019.2 (64-bit)
# SW Build 2708876 on Wed Nov  6 21:40:23 MST 2019
# IP Build 2700528 on Thu Nov  7 00:09:20 MST 2019
# Start of session at: Sun May 31 18:11:22 2020
# Process ID: 11312
# Current directory: C:/Users/Nai/Desktop/one-credit-undertales/AHam
# Command line: vivado.exe -gui_launcher_event rodinguilauncherevent26612 C:\Users\Nai\Desktop\one-credit-undertales\AHam\AHam.xpr
# Log file: C:/Users/Nai/Desktop/one-credit-undertales/AHam/vivado.log
# Journal file: C:/Users/Nai/Desktop/one-credit-undertales/AHam\vivado.jou
#-----------------------------------------------------------
start_gui
open_project C:/Users/Nai/Desktop/one-credit-undertales/AHam/AHam.xpr
Scanning sources...
Finished scanning sources
INFO: [IP_Flow 19-234] Refreshing IP repositories
INFO: [IP_Flow 19-1704] No user IP repositories specified
INFO: [IP_Flow 19-2313] Loaded Vivado IP repository 'D:/Vivado/2019.2/data/ip'.
open_project: Time (s): cpu = 00:00:15 ; elapsed = 00:00:08 . Memory (MB): peak = 1010.250 ; gain = 123.703
update_compile_order -fileset sources_1
exit
INFO: [Common 17-206] Exiting Vivado at Sun May 31 18:12:23 2020...
